<?xml version="1.0" encoding="UTF-8"?>
<!-- Generated by org.testng.reporters.JUnitXMLReporter -->
<testsuite hostname="ARS-NBT-LAP-068" ignored="0" name="iBridge11" tests="18" failures="1" timestamp="15 Jun 2022 12:06:04 GMT" time="196.733" errors="0">
  <testcase name="verifyInsufficientVerifier" time="46.592" classname="com.iBridge.sme.testcases.TC_InsufficientBridgeSme_01"/>
  <testcase name="verifyInsufficientAppearingOniBridge" time="44.288" classname="com.iBridge.sme.testcases.TC_InsufficientBridgeSme_01"/>
  <testcase name="verifyInsufficientpendingForFulfilment" time="16.456" classname="com.iBridge.sme.testcases.TC_InsufficientBridgeSme_01"/>
  <testcase name="verifyInsufficiencyFulfillment" time="74.435" classname="com.iBridge.sme.testcases.TC_InsufficientBridgeSme_01">
    <failure type="org.openqa.selenium.NoSuchElementException" message="no such element: Unable to locate element: {&amp;quot;method&amp;quot;:&amp;quot;xpath&amp;quot;,&amp;quot;selector&amp;quot;:&amp;quot;/html[1]/body[1]/div[1]/div[2]/div[2]/div[2]/form[1]/table[1]/tbody[1]/tr[1]/td[12]/a[1]&amp;quot;}
  (Session info: chrome=101.0.4951.54)
For documentation on this error, please visit: http://seleniumhq.org/exceptions/no_such_element.html
Build info: version: &amp;apos;3.14.0&amp;apos;, revision: &amp;apos;aacccce0&amp;apos;, time: &amp;apos;2018-08-02T20:19:58.91Z&amp;apos;
System info: host: &amp;apos;ARS-NBT-LAP-068&amp;apos;, ip: &amp;apos;192.168.80.30&amp;apos;, os.name: &amp;apos;Linux&amp;apos;, os.arch: &amp;apos;amd64&amp;apos;, os.version: &amp;apos;5.13.0-44-generic&amp;apos;, java.version: &amp;apos;1.8.0_312&amp;apos;
Driver info: org.openqa.selenium.chrome.ChromeDriver
Capabilities {acceptInsecureCerts: false, browserName: chrome, browserVersion: 101.0.4951.54, chrome: {chromedriverVersion: 101.0.4951.41 (93c720db8323..., userDataDir: /tmp/.com.google.Chrome.7Va0mr}, goog:chromeOptions: {debuggerAddress: localhost:44063}, javascriptEnabled: true, networkConnectionEnabled: false, pageLoadStrategy: normal, platform: LINUX, platformName: LINUX, proxy: Proxy(), setWindowRect: true, strictFileInteractability: false, timeouts: {implicit: 0, pageLoad: 300000, script: 30000}, unhandledPromptBehavior: dismiss and notify, webauthn:extension:credBlob: true, webauthn:extension:largeBlob: true, webauthn:virtualAuthenticators: true}
Session ID: ce5725531fd8db5d772b584458afd0b4
*** Element info: {Using=xpath, value=/html[1]/body[1]/div[1]/div[2]/div[2]/div[2]/form[1]/table[1]/tbody[1]/tr[1]/td[12]/a[1]}">
      <![CDATA[org.openqa.selenium.NoSuchElementException: no such element: Unable to locate element: {"method":"xpath","selector":"/html[1]/body[1]/div[1]/div[2]/div[2]/div[2]/form[1]/table[1]/tbody[1]/tr[1]/td[12]/a[1]"}
  (Session info: chrome=101.0.4951.54)
For documentation on this error, please visit: http://seleniumhq.org/exceptions/no_such_element.html
Build info: version: '3.14.0', revision: 'aacccce0', time: '2018-08-02T20:19:58.91Z'
System info: host: 'ARS-NBT-LAP-068', ip: '192.168.80.30', os.name: 'Linux', os.arch: 'amd64', os.version: '5.13.0-44-generic', java.version: '1.8.0_312'
Driver info: org.openqa.selenium.chrome.ChromeDriver
Capabilities {acceptInsecureCerts: false, browserName: chrome, browserVersion: 101.0.4951.54, chrome: {chromedriverVersion: 101.0.4951.41 (93c720db8323..., userDataDir: /tmp/.com.google.Chrome.7Va0mr}, goog:chromeOptions: {debuggerAddress: localhost:44063}, javascriptEnabled: true, networkConnectionEnabled: false, pageLoadStrategy: normal, platform: LINUX, platformName: LINUX, proxy: Proxy(), setWindowRect: true, strictFileInteractability: false, timeouts: {implicit: 0, pageLoad: 300000, script: 30000}, unhandledPromptBehavior: dismiss and notify, webauthn:extension:credBlob: true, webauthn:extension:largeBlob: true, webauthn:virtualAuthenticators: true}
Session ID: ce5725531fd8db5d772b584458afd0b4
*** Element info: {Using=xpath, value=/html[1]/body[1]/div[1]/div[2]/div[2]/div[2]/form[1]/table[1]/tbody[1]/tr[1]/td[12]/a[1]}
at org.openqa.selenium.remote.http.W3CHttpResponseCodec.createException(W3CHttpResponseCodec.java:187)
at org.openqa.selenium.remote.http.W3CHttpResponseCodec.decode(W3CHttpResponseCodec.java:122)
at org.openqa.selenium.remote.http.W3CHttpResponseCodec.decode(W3CHttpResponseCodec.java:49)
at org.openqa.selenium.remote.HttpCommandExecutor.execute(HttpCommandExecutor.java:158)
at org.openqa.selenium.remote.service.DriverCommandExecutor.execute(DriverCommandExecutor.java:83)
at org.openqa.selenium.remote.RemoteWebDriver.execute(RemoteWebDriver.java:548)
at org.openqa.selenium.remote.RemoteWebDriver.findElement(RemoteWebDriver.java:322)
at org.openqa.selenium.remote.RemoteWebDriver.findElementByXPath(RemoteWebDriver.java:424)
at org.openqa.selenium.By$ByXPath.findElement(By.java:353)
at org.openqa.selenium.remote.RemoteWebDriver.findElement(RemoteWebDriver.java:314)
at org.openqa.selenium.support.pagefactory.DefaultElementLocator.findElement(DefaultElementLocator.java:69)
at org.openqa.selenium.support.pagefactory.internal.LocatingElementHandler.invoke(LocatingElementHandler.java:38)
at com.sun.proxy.$Proxy8.click(Unknown Source)
at com.iBridge.sme.pageobject.InsufficientBridgeSme.userAdminInsufficiencyFulfillment(InsufficientBridgeSme.java:1346)
at com.iBridge.sme.testcases.TC_InsufficientBridgeSme_01.verifyInsufficiencyFulfillment(TC_InsufficientBridgeSme_01.java:109)
... Removed 32 stack frames]]>
    </failure>
  </testcase> <!-- verifyInsufficiencyFulfillment -->
  <testcase name="verifyInsufficientCasesPresentOrNot" time="0.0" classname="com.iBridge.sme.testcases.TC_InsufficientBridgeSme_01">
    <skipped/>
  </testcase> <!-- verifyInsufficientCasesPresentOrNot -->
  <testcase name="verifyCostApprovalRequiredInsufficient" time="0.0" classname="com.iBridge.sme.testcases.TC_InsufficientBridgeSme_01">
    <skipped/>
  </testcase> <!-- verifyCostApprovalRequiredInsufficient -->
  <testcase name="verifycostApprovalRequiredInsuffCasePresentOrNot" time="0.0" classname="com.iBridge.sme.testcases.TC_InsufficientBridgeSme_01">
    <skipped/>
  </testcase> <!-- verifycostApprovalRequiredInsuffCasePresentOrNot -->
  <testcase name="verifyApprovalRequiredInsufficient" time="0.0" classname="com.iBridge.sme.testcases.TC_InsufficientBridgeSme_01">
    <skipped/>
  </testcase> <!-- verifyApprovalRequiredInsufficient -->
  <testcase name="verifycostApprovalRequiredRemovedOrNot" time="0.0" classname="com.iBridge.sme.testcases.TC_InsufficientBridgeSme_01">
    <skipped/>
  </testcase> <!-- verifycostApprovalRequiredRemovedOrNot -->
  <testcase name="verifyAdminUserReasonInsufficientBoth" time="0.0" classname="com.iBridge.sme.testcases.TC_InsufficientBridgeSme_01">
    <skipped/>
  </testcase> <!-- verifyAdminUserReasonInsufficientBoth -->
  <testcase name="verifyApprovalRequiredAndInsufficientBoth" time="0.001" classname="com.iBridge.sme.testcases.TC_InsufficientBridgeSme_01">
    <skipped/>
  </testcase> <!-- verifyApprovalRequiredAndInsufficientBoth -->
  <testcase name="verifyApprovalRequiredInsuffPresentOrNot" time="0.0" classname="com.iBridge.sme.testcases.TC_InsufficientBridgeSme_01">
    <skipped/>
  </testcase> <!-- verifyApprovalRequiredInsuffPresentOrNot -->
  <testcase name="verifyApprovalRequiredInsuffBothRemovedOrNot" time="0.0" classname="com.iBridge.sme.testcases.TC_InsufficientBridgeSme_01">
    <skipped/>
  </testcase> <!-- verifyApprovalRequiredInsuffBothRemovedOrNot -->
  <testcase name="verifyInsufficientBothCasesPresentOrNot" time="0.0" classname="com.iBridge.sme.testcases.TC_InsufficientBridgeSme_01">
    <skipped/>
  </testcase> <!-- verifyInsufficientBothCasesPresentOrNot -->
  <testcase name="verifyAdminUserInsuffRaisedCasesOnHold" time="0.0" classname="com.iBridge.sme.testcases.TC_InsufficientBridgeSme_01">
    <skipped/>
  </testcase> <!-- verifyAdminUserInsuffRaisedCasesOnHold -->
  <testcase name="verifyInsuffCasesOnHoldPresentOrNot" time="0.0" classname="com.iBridge.sme.testcases.TC_InsufficientBridgeSme_01">
    <skipped/>
  </testcase> <!-- verifyInsuffCasesOnHoldPresentOrNot -->
  <testcase name="verifyInsuffCasesOnHoldRemovedOrNot" time="0.0" classname="com.iBridge.sme.testcases.TC_InsufficientBridgeSme_01">
    <skipped/>
  </testcase> <!-- verifyInsuffCasesOnHoldRemovedOrNot -->
  <testcase name="verifywithdrawCaseStatusClosedByClient" time="0.0" classname="com.iBridge.sme.testcases.TC_InsufficientBridgeSme_01">
    <skipped/>
  </testcase> <!-- verifywithdrawCaseStatusClosedByClient -->
</testsuite> <!-- iBridge11 -->
