<?xml version="1.0" encoding="UTF-8"?>
<!-- Generated by org.testng.reporters.JUnitXMLReporter -->
<testsuite hostname="ARS-NBT-LAP-068" ignored="0" name="iBridge13" tests="15" failures="1" timestamp="16 Jun 2022 10:53:37 GMT" time="253.811" errors="0">
  <testcase name="initiateViaCandidateCaseSme" time="50.242" classname="com.iBridge.sme.testcases.TC_InitiateViaCandidateSmeExtended_02"/>
  <testcase name="verifyFormNotSubmittedCaseList" time="2.72" classname="com.iBridge.sme.testcases.TC_InitiateViaCandidateSmeExtended_02"/>
  <testcase name="candidateSmeEmailVerification" time="11.435" classname="com.iBridge.sme.testcases.TC_InitiateViaCandidateSmeExtended_02"/>
  <testcase name="candidateSmeAccountLogin" time="76.754" classname="com.iBridge.sme.testcases.TC_InitiateViaCandidateSmeExtended_02"/>
  <testcase name="candidateProfileDetailsFilling" time="90.674" classname="com.iBridge.sme.testcases.TC_InitiateViaCandidateSmeExtended_02"/>
  <testcase name="verifyAuthorizationRelease" time="11.706" classname="com.iBridge.sme.testcases.TC_InitiateViaCandidateSmeExtended_02">
    <failure type="org.openqa.selenium.WebDriverException" message="chrome not reachable
  (Session info: chrome=101.0.4951.54)
Build info: version: &amp;apos;3.14.0&amp;apos;, revision: &amp;apos;aacccce0&amp;apos;, time: &amp;apos;2018-08-02T20:19:58.91Z&amp;apos;
System info: host: &amp;apos;ARS-NBT-LAP-068&amp;apos;, ip: &amp;apos;192.168.121.30&amp;apos;, os.name: &amp;apos;Linux&amp;apos;, os.arch: &amp;apos;amd64&amp;apos;, os.version: &amp;apos;5.13.0-44-generic&amp;apos;, java.version: &amp;apos;1.8.0_312&amp;apos;
Driver info: org.openqa.selenium.chrome.ChromeDriver
Capabilities {acceptInsecureCerts: false, browserName: chrome, browserVersion: 101.0.4951.54, chrome: {chromedriverVersion: 101.0.4951.41 (93c720db8323..., userDataDir: /tmp/.com.google.Chrome.gjoDjd}, goog:chromeOptions: {debuggerAddress: localhost:43291}, javascriptEnabled: true, networkConnectionEnabled: false, pageLoadStrategy: normal, platform: LINUX, platformName: LINUX, proxy: Proxy(), setWindowRect: true, strictFileInteractability: false, timeouts: {implicit: 0, pageLoad: 300000, script: 30000}, unhandledPromptBehavior: dismiss and notify, webauthn:extension:credBlob: true, webauthn:extension:largeBlob: true, webauthn:virtualAuthenticators: true}
Session ID: 53f0f7f1d87adfbc3ee4137c57f1f4c8
*** Element info: {Using=xpath, value=//h1[contains(text(),&amp;apos;Thank you for completing your profile&amp;apos;)]}">
      <![CDATA[org.openqa.selenium.WebDriverException: chrome not reachable
  (Session info: chrome=101.0.4951.54)
Build info: version: '3.14.0', revision: 'aacccce0', time: '2018-08-02T20:19:58.91Z'
System info: host: 'ARS-NBT-LAP-068', ip: '192.168.121.30', os.name: 'Linux', os.arch: 'amd64', os.version: '5.13.0-44-generic', java.version: '1.8.0_312'
Driver info: org.openqa.selenium.chrome.ChromeDriver
Capabilities {acceptInsecureCerts: false, browserName: chrome, browserVersion: 101.0.4951.54, chrome: {chromedriverVersion: 101.0.4951.41 (93c720db8323..., userDataDir: /tmp/.com.google.Chrome.gjoDjd}, goog:chromeOptions: {debuggerAddress: localhost:43291}, javascriptEnabled: true, networkConnectionEnabled: false, pageLoadStrategy: normal, platform: LINUX, platformName: LINUX, proxy: Proxy(), setWindowRect: true, strictFileInteractability: false, timeouts: {implicit: 0, pageLoad: 300000, script: 30000}, unhandledPromptBehavior: dismiss and notify, webauthn:extension:credBlob: true, webauthn:extension:largeBlob: true, webauthn:virtualAuthenticators: true}
Session ID: 53f0f7f1d87adfbc3ee4137c57f1f4c8
*** Element info: {Using=xpath, value=//h1[contains(text(),'Thank you for completing your profile')]}
at org.openqa.selenium.remote.http.W3CHttpResponseCodec.createException(W3CHttpResponseCodec.java:187)
at org.openqa.selenium.remote.http.W3CHttpResponseCodec.decode(W3CHttpResponseCodec.java:122)
at org.openqa.selenium.remote.http.W3CHttpResponseCodec.decode(W3CHttpResponseCodec.java:49)
at org.openqa.selenium.remote.HttpCommandExecutor.execute(HttpCommandExecutor.java:158)
at org.openqa.selenium.remote.service.DriverCommandExecutor.execute(DriverCommandExecutor.java:83)
at org.openqa.selenium.remote.RemoteWebDriver.execute(RemoteWebDriver.java:548)
at org.openqa.selenium.remote.RemoteWebDriver.findElement(RemoteWebDriver.java:322)
at org.openqa.selenium.remote.RemoteWebDriver.findElementByXPath(RemoteWebDriver.java:424)
at org.openqa.selenium.By$ByXPath.findElement(By.java:353)
at org.openqa.selenium.remote.RemoteWebDriver.findElement(RemoteWebDriver.java:314)
at org.openqa.selenium.support.pagefactory.DefaultElementLocator.findElement(DefaultElementLocator.java:69)
at org.openqa.selenium.support.pagefactory.internal.LocatingElementHandler.invoke(LocatingElementHandler.java:38)
at com.sun.proxy.$Proxy8.isDisplayed(Unknown Source)
at org.openqa.selenium.support.ui.ExpectedConditions.elementIfVisible(ExpectedConditions.java:315)
at org.openqa.selenium.support.ui.ExpectedConditions.access$100(ExpectedConditions.java:44)
at org.openqa.selenium.support.ui.ExpectedConditions$10.apply(ExpectedConditions.java:301)
at org.openqa.selenium.support.ui.ExpectedConditions$10.apply(ExpectedConditions.java:298)
at org.openqa.selenium.support.ui.FluentWait.until(FluentWait.java:260)
at com.iBridge.sme.pageobject.CandidateSubmitProfileSme.verifyThankYouCompletingProfileMsg(CandidateSubmitProfileSme.java:1166)
at com.iBridge.sme.testcases.TC_InitiateViaCandidateSmeExtended_02.verifyAuthorizationRelease(TC_InitiateViaCandidateSmeExtended_02.java:222)
... Removed 32 stack frames]]>
    </failure>
  </testcase> <!-- verifyAuthorizationRelease -->
  <testcase name="verifyInitiateViaCandidateCasePaymentPending" time="0.0" classname="com.iBridge.sme.testcases.TC_InitiateViaCandidateSmeExtended_02">
    <skipped/>
  </testcase> <!-- verifyInitiateViaCandidateCasePaymentPending -->
  <testcase name="verifyFormSubmittedBucket" time="0.0" classname="com.iBridge.sme.testcases.TC_InitiateViaCandidateSmeExtended_02">
    <skipped/>
  </testcase> <!-- verifyFormSubmittedBucket -->
  <testcase name="verifyPaymentPendingBucket" time="0.0" classname="com.iBridge.sme.testcases.TC_InitiateViaCandidateSmeExtended_02">
    <skipped/>
  </testcase> <!-- verifyPaymentPendingBucket -->
  <testcase name="verifyWorkInProgressBucket" time="0.001" classname="com.iBridge.sme.testcases.TC_InitiateViaCandidateSmeExtended_02">
    <skipped/>
  </testcase> <!-- verifyWorkInProgressBucket -->
  <testcase name="verifyCaseAppearingInTotalCaseSentList" time="0.0" classname="com.iBridge.sme.testcases.TC_InitiateViaCandidateSmeExtended_02">
    <skipped/>
  </testcase> <!-- verifyCaseAppearingInTotalCaseSentList -->
  <testcase name="searchClientArsNoCaseList" time="0.0" classname="com.iBridge.sme.testcases.TC_InitiateViaCandidateSmeExtended_02">
    <skipped/>
  </testcase> <!-- searchClientArsNoCaseList -->
  <testcase name="verifyInsufficientDocsQcAllocator" time="0.0" classname="com.iBridge.sme.testcases.TC_InitiateViaCandidateSmeExtended_02">
    <skipped/>
  </testcase> <!-- verifyInsufficientDocsQcAllocator -->
  <testcase name="verifyInsufficientDocsQuality" time="0.0" classname="com.iBridge.sme.testcases.TC_InitiateViaCandidateSmeExtended_02">
    <skipped/>
  </testcase> <!-- verifyInsufficientDocsQuality -->
  <testcase name="verifyInsufficientAllocator" time="0.0" classname="com.iBridge.sme.testcases.TC_InitiateViaCandidateSmeExtended_02">
    <skipped/>
  </testcase> <!-- verifyInsufficientAllocator -->
</testsuite> <!-- iBridge13 -->
