<?xml version="1.0" encoding="UTF-8"?>
<!-- Generated by org.testng.reporters.JUnitXMLReporter -->
<testsuite hostname="ARS-NBT-LAP-068" ignored="2" name="iBridge6" tests="13" failures="1" timestamp="15 Jul 2022 09:08:17 GMT" time="494.215" errors="0">
  <testcase name="initiateCasesInBulkExtended" time="24.273" classname="com.iBridge.testcases.TC_InitiateCasesInBulkExtended_02"/>
  <testcase name="dragDropBrowse" time="20.609" classname="com.iBridge.testcases.TC_InitiateCasesInBulkExtended_02"/>
  <testcase name="candidateEmailVerification" time="13.265" classname="com.iBridge.testcases.TC_InitiateCasesInBulkExtended_02"/>
  <testcase name="candidateLoginBulkAccount" time="152.31" classname="com.iBridge.testcases.TC_InitiateCasesInBulkExtended_02"/>
  <testcase name="submittedForVerification" time="17.233" classname="com.iBridge.testcases.TC_InitiateCasesInBulkExtended_02"/>
  <testcase name="submittedCasesTrackerWipCases" time="6.225" classname="com.iBridge.testcases.TC_InitiateCasesInBulkExtended_02"/>
  <testcase name="searchClientArsNoCaseList" time="14.635" classname="com.iBridge.testcases.TC_InitiateCasesInBulkExtended_02"/>
  <testcase name="verifyInsufficientDocsQcAllocator" time="48.48" classname="com.iBridge.testcases.TC_InitiateCasesInBulkExtended_02"/>
  <testcase name="verifyInsufficientDocsQuality" time="189.546" classname="com.iBridge.testcases.TC_InitiateCasesInBulkExtended_02">
    <failure type="org.openqa.selenium.NoSuchElementException" message="no such element: Unable to locate element: {&amp;quot;method&amp;quot;:&amp;quot;xpath&amp;quot;,&amp;quot;selector&amp;quot;:&amp;quot;//button[@id=&amp;apos;btnAction&amp;apos;]&amp;quot;}
  (Session info: chrome=101.0.4951.54)
For documentation on this error, please visit: http://seleniumhq.org/exceptions/no_such_element.html
Build info: version: &amp;apos;3.14.0&amp;apos;, revision: &amp;apos;aacccce0&amp;apos;, time: &amp;apos;2018-08-02T20:19:58.91Z&amp;apos;
System info: host: &amp;apos;ARS-NBT-LAP-068&amp;apos;, ip: &amp;apos;192.168.223.30&amp;apos;, os.name: &amp;apos;Linux&amp;apos;, os.arch: &amp;apos;amd64&amp;apos;, os.version: &amp;apos;5.13.0-51-generic&amp;apos;, java.version: &amp;apos;1.8.0_312&amp;apos;
Driver info: org.openqa.selenium.chrome.ChromeDriver
Capabilities {acceptInsecureCerts: false, browserName: chrome, browserVersion: 101.0.4951.54, chrome: {chromedriverVersion: 101.0.4951.41 (93c720db8323..., userDataDir: /tmp/.com.google.Chrome.UMy1vl}, goog:chromeOptions: {debuggerAddress: localhost:34545}, javascriptEnabled: true, networkConnectionEnabled: false, pageLoadStrategy: normal, platform: LINUX, platformName: LINUX, proxy: Proxy(), setWindowRect: true, strictFileInteractability: false, timeouts: {implicit: 0, pageLoad: 300000, script: 30000}, unhandledPromptBehavior: dismiss and notify, webauthn:extension:credBlob: true, webauthn:extension:largeBlob: true, webauthn:virtualAuthenticators: true}
Session ID: 1d6456e8205881458dcf713f96f52dfd
*** Element info: {Using=xpath, value=//button[@id=&amp;apos;btnAction&amp;apos;]}">
      <![CDATA[org.openqa.selenium.NoSuchElementException: no such element: Unable to locate element: {"method":"xpath","selector":"//button[@id='btnAction']"}
  (Session info: chrome=101.0.4951.54)
For documentation on this error, please visit: http://seleniumhq.org/exceptions/no_such_element.html
Build info: version: '3.14.0', revision: 'aacccce0', time: '2018-08-02T20:19:58.91Z'
System info: host: 'ARS-NBT-LAP-068', ip: '192.168.223.30', os.name: 'Linux', os.arch: 'amd64', os.version: '5.13.0-51-generic', java.version: '1.8.0_312'
Driver info: org.openqa.selenium.chrome.ChromeDriver
Capabilities {acceptInsecureCerts: false, browserName: chrome, browserVersion: 101.0.4951.54, chrome: {chromedriverVersion: 101.0.4951.41 (93c720db8323..., userDataDir: /tmp/.com.google.Chrome.UMy1vl}, goog:chromeOptions: {debuggerAddress: localhost:34545}, javascriptEnabled: true, networkConnectionEnabled: false, pageLoadStrategy: normal, platform: LINUX, platformName: LINUX, proxy: Proxy(), setWindowRect: true, strictFileInteractability: false, timeouts: {implicit: 0, pageLoad: 300000, script: 30000}, unhandledPromptBehavior: dismiss and notify, webauthn:extension:credBlob: true, webauthn:extension:largeBlob: true, webauthn:virtualAuthenticators: true}
Session ID: 1d6456e8205881458dcf713f96f52dfd
*** Element info: {Using=xpath, value=//button[@id='btnAction']}
at org.openqa.selenium.remote.http.W3CHttpResponseCodec.createException(W3CHttpResponseCodec.java:187)
at org.openqa.selenium.remote.http.W3CHttpResponseCodec.decode(W3CHttpResponseCodec.java:122)
at org.openqa.selenium.remote.http.W3CHttpResponseCodec.decode(W3CHttpResponseCodec.java:49)
at org.openqa.selenium.remote.HttpCommandExecutor.execute(HttpCommandExecutor.java:158)
at org.openqa.selenium.remote.service.DriverCommandExecutor.execute(DriverCommandExecutor.java:83)
at org.openqa.selenium.remote.RemoteWebDriver.execute(RemoteWebDriver.java:548)
at org.openqa.selenium.remote.RemoteWebDriver.findElement(RemoteWebDriver.java:322)
at org.openqa.selenium.remote.RemoteWebDriver.findElementByXPath(RemoteWebDriver.java:424)
at org.openqa.selenium.By$ByXPath.findElement(By.java:353)
at org.openqa.selenium.remote.RemoteWebDriver.findElement(RemoteWebDriver.java:314)
at org.openqa.selenium.support.pagefactory.DefaultElementLocator.findElement(DefaultElementLocator.java:69)
at org.openqa.selenium.support.pagefactory.internal.LocatingElementHandler.invoke(LocatingElementHandler.java:38)
at com.sun.proxy.$Proxy8.getWrappedElement(Unknown Source)
at org.openqa.selenium.remote.internal.WebElementToJsonConverter.apply(WebElementToJsonConverter.java:50)
at java.util.stream.ReferencePipeline$3$1.accept(ReferencePipeline.java:193)
at java.util.Spliterators$ArraySpliterator.forEachRemaining(Spliterators.java:948)
at java.util.stream.AbstractPipeline.copyInto(AbstractPipeline.java:482)
at java.util.stream.AbstractPipeline.wrapAndCopyInto(AbstractPipeline.java:472)
at java.util.stream.ReduceOps$ReduceOp.evaluateSequential(ReduceOps.java:708)
at java.util.stream.AbstractPipeline.evaluate(AbstractPipeline.java:234)
at java.util.stream.ReferencePipeline.collect(ReferencePipeline.java:566)
at org.openqa.selenium.remote.RemoteWebDriver.executeScript(RemoteWebDriver.java:480)
at com.iBridge.pageobject.InsufficientBridge.verifyQcDoneChecksSummary(InsufficientBridge.java:1046)
at com.iBridge.testcases.TC_InitiateCasesInBulkExtended_02.verifyInsufficientDocsQuality(TC_InitiateCasesInBulkExtended_02.java:335)
... Removed 32 stack frames]]>
    </failure>
  </testcase> <!-- verifyInsufficientDocsQuality -->
  <testcase name="verifyInsufficientAllocator" time="0.0" classname="com.iBridge.testcases.TC_InitiateCasesInBulkExtended_02">
    <skipped/>
  </testcase> <!-- verifyInsufficientAllocator -->
  <testcase name="verifyInsufficientVerifier" time="0.001" classname="com.iBridge.testcases.TC_InitiateCasesInBulkExtended_02">
    <skipped/>
  </testcase> <!-- verifyInsufficientVerifier -->
  <testcase name="verifyInsufficientpendingForFulfilment" time="0.0" classname="com.iBridge.testcases.TC_InitiateCasesInBulkExtended_02">
    <skipped/>
  </testcase> <!-- verifyInsufficientpendingForFulfilment -->
  <testcase name="verifyInsufficiencyFulfillment" time="0.0" classname="com.iBridge.testcases.TC_InitiateCasesInBulkExtended_02">
    <skipped/>
  </testcase> <!-- verifyInsufficiencyFulfillment -->
  <testcase name="verifyInsufficientCasesPresentOrNot" time="0.0" classname="com.iBridge.testcases.TC_InitiateCasesInBulkExtended_02">
    <ignored/>
  </testcase> <!-- verifyInsufficientCasesPresentOrNot -->
  <testcase name="verifyCostApprovalOnHoldCases" time="0.0" classname="com.iBridge.testcases.TC_InitiateCasesInBulkExtended_02">
    <ignored/>
  </testcase> <!-- verifyCostApprovalOnHoldCases -->
</testsuite> <!-- iBridge6 -->
