<html>
<head>
<title>TestNG:  iBridge13</title>
<link href="../testng.css" rel="stylesheet" type="text/css" />
<link href="../my-testng.css" rel="stylesheet" type="text/css" />

<style type="text/css">
.log { display: none;} 
.stack-trace { display: none;} 
</style>
<script type="text/javascript">
<!--
function flip(e) {
  current = e.style.display;
  if (current == 'block') {
    e.style.display = 'none';
    return 0;
  }
  else {
    e.style.display = 'block';
    return 1;
  }
}

function toggleBox(szDivId, elem, msg1, msg2)
{
  var res = -1;  if (document.getElementById) {
    res = flip(document.getElementById(szDivId));
  }
  else if (document.all) {
    // this is the way old msie versions work
    res = flip(document.all[szDivId]);
  }
  if(elem) {
    if(res == 0) elem.innerHTML = msg1; else elem.innerHTML = msg2;
  }

}

function toggleAllBoxes() {
  if (document.getElementsByTagName) {
    d = document.getElementsByTagName('div');
    for (i = 0; i < d.length; i++) {
      if (d[i].className == 'log') {
        flip(d[i]);
      }
    }
  }
}

// -->
</script>

</head>
<body>
<h2 align='center'>iBridge13</h2><table border='1' align="center">
<tr>
<td>Tests passed/Failed/Skipped:</td><td>14/1/0</td>
</tr><tr>
<td>Started on:</td><td>Wed Jul 20 18:10:04 IST 2022</td>
</tr>
<tr><td>Total time:</td><td>365 seconds (365557 ms)</td>
</tr><tr>
<td>Included groups:</td><td></td>
</tr><tr>
<td>Excluded groups:</td><td></td>
</tr>
</table><p/>
<small><i>(Hover the method name to see the test class name)</i></small><p/>
<table width='100%' border='1' class='invocation-failed'>
<tr><td colspan='4' align='center'><b>FAILED TESTS</b></td></tr>
<tr><td><b>Test method</b></td>
<td width="30%"><b>Exception</b></td>
<td width="10%"><b>Time (seconds)</b></td>
<td><b>Instance</b></td>
</tr>
<tr>
<td title='com.iBridge.sme.testcases.TC_InitiateViaCandidateSmeExtended_02.verifyInsufficientAllocator()'><b>verifyInsufficientAllocator</b><br>Test class: com.iBridge.sme.testcases.TC_InitiateViaCandidateSmeExtended_02</td>
<td><div><pre>org.openqa.selenium.NoSuchWindowException: no such window: target window already closed
from unknown error: web view not found
  (Session info: chrome=101.0.4951.54)
Build info: version: &apos;3.14.0&apos;, revision: &apos;aacccce0&apos;, time: &apos;2018-08-02T20:19:58.91Z&apos;
System info: host: &apos;ARS-NBT-LAP-068&apos;, ip: &apos;192.168.1.5&apos;, os.name: &apos;Linux&apos;, os.arch: &apos;amd64&apos;, os.version: &apos;5.13.0-51-generic&apos;, java.version: &apos;1.8.0_312&apos;
Driver info: org.openqa.selenium.chrome.ChromeDriver
Capabilities {acceptInsecureCerts: false, browserName: chrome, browserVersion: 101.0.4951.54, chrome: {chromedriverVersion: 101.0.4951.41 (93c720db8323..., userDataDir: /tmp/.com.google.Chrome.UV4S2S}, goog:chromeOptions: {debuggerAddress: localhost:33099}, javascriptEnabled: true, networkConnectionEnabled: false, pageLoadStrategy: normal, platform: LINUX, platformName: LINUX, proxy: Proxy(), setWindowRect: true, strictFileInteractability: false, timeouts: {implicit: 0, pageLoad: 300000, script: 30000}, unhandledPromptBehavior: dismiss and notify, webauthn:extension:credBlob: true, webauthn:extension:largeBlob: true, webauthn:virtualAuthenticators: true}
Session ID: 75cf5953fbc158d9c9817cd1abbeafb3
*** Element info: {Using=xpath, value=/html[1]/body[1]/div[1]/div[1]/div[1]/ul[1]/li[3]/a[1]}
	at org.openqa.selenium.remote.http.W3CHttpResponseCodec.createException(W3CHttpResponseCodec.java:187)
	at org.openqa.selenium.remote.http.W3CHttpResponseCodec.decode(W3CHttpResponseCodec.java:122)
	at org.openqa.selenium.remote.http.W3CHttpResponseCodec.decode(W3CHttpResponseCodec.java:49)
	at org.openqa.selenium.remote.HttpCommandExecutor.execute(HttpCommandExecutor.java:158)
	at org.openqa.selenium.remote.service.DriverCommandExecutor.execute(DriverCommandExecutor.java:83)
	at org.openqa.selenium.remote.RemoteWebDriver.execute(RemoteWebDriver.java:548)
	at org.openqa.selenium.remote.RemoteWebDriver.findElement(RemoteWebDriver.java:322)
	at org.openqa.selenium.remote.RemoteWebDriver.findElementByXPath(RemoteWebDriver.java:424)
	at org.openqa.selenium.By$ByXPath.findElement(By.java:353)
	at org.openqa.selenium.remote.RemoteWebDriver.findElement(RemoteWebDriver.java:314)
	at org.openqa.selenium.support.pagefactory.DefaultElementLocator.findElement(DefaultElementLocator.java:69)
	at org.openqa.selenium.support.pagefactory.internal.LocatingElementHandler.invoke(LocatingElementHandler.java:38)
	at com.sun.proxy.$Proxy8.getWrappedElement(Unknown Source)
	at org.openqa.selenium.remote.internal.WebElementToJsonConverter.apply(WebElementToJsonConverter.java:50)
	at java.util.stream.ReferencePipeline$3$1.accept(ReferencePipeline.java:193)
	at java.util.Spliterators$ArraySpliterator.forEachRemaining(Spliterators.java:948)
	at java.util.stream.AbstractPipeline.copyInto(AbstractPipeline.java:482)
	at java.util.stream.AbstractPipeline.wrapAndCopyInto(AbstractPipeline.java:472)
	at java.util.stream.ReduceOps$ReduceOp.evaluateSequential(ReduceOps.java:708)
	at java.util.stream.AbstractPipeline.evaluate(AbstractPipeline.java:234)
	at java.util.stream.ReferencePipeline.collect(ReferencePipeline.java:566)
	at org.openqa.selenium.remote.RemoteWebDriver.executeScript(RemoteWebDriver.java:480)
	at com.iBridge.pageobject.InsufficientBridge.superAdminAllocator(InsufficientBridge.java:1305)
	at com.iBridge.sme.testcases.TC_InitiateViaCandidateSmeExtended_02.verifyInsufficientAllocator(TC_InitiateViaCandidateSmeExtended_02.java:426)
... Removed 32 stack frames</pre></div><a href='#' onClick='toggleBox("stack-trace2128686424", this, "Click to show all stack frames", "Click to hide stack frames")'>Click to show all stack frames</a>
<div class='stack-trace' id='stack-trace2128686424'><pre>org.openqa.selenium.NoSuchWindowException: no such window: target window already closed
from unknown error: web view not found
  (Session info: chrome=101.0.4951.54)
Build info: version: &apos;3.14.0&apos;, revision: &apos;aacccce0&apos;, time: &apos;2018-08-02T20:19:58.91Z&apos;
System info: host: &apos;ARS-NBT-LAP-068&apos;, ip: &apos;192.168.1.5&apos;, os.name: &apos;Linux&apos;, os.arch: &apos;amd64&apos;, os.version: &apos;5.13.0-51-generic&apos;, java.version: &apos;1.8.0_312&apos;
Driver info: org.openqa.selenium.chrome.ChromeDriver
Capabilities {acceptInsecureCerts: false, browserName: chrome, browserVersion: 101.0.4951.54, chrome: {chromedriverVersion: 101.0.4951.41 (93c720db8323..., userDataDir: /tmp/.com.google.Chrome.UV4S2S}, goog:chromeOptions: {debuggerAddress: localhost:33099}, javascriptEnabled: true, networkConnectionEnabled: false, pageLoadStrategy: normal, platform: LINUX, platformName: LINUX, proxy: Proxy(), setWindowRect: true, strictFileInteractability: false, timeouts: {implicit: 0, pageLoad: 300000, script: 30000}, unhandledPromptBehavior: dismiss and notify, webauthn:extension:credBlob: true, webauthn:extension:largeBlob: true, webauthn:virtualAuthenticators: true}
Session ID: 75cf5953fbc158d9c9817cd1abbeafb3
*** Element info: {Using=xpath, value=/html[1]/body[1]/div[1]/div[1]/div[1]/ul[1]/li[3]/a[1]}
	at sun.reflect.NativeConstructorAccessorImpl.newInstance0(Native Method)
	at sun.reflect.NativeConstructorAccessorImpl.newInstance(NativeConstructorAccessorImpl.java:62)
	at sun.reflect.DelegatingConstructorAccessorImpl.newInstance(DelegatingConstructorAccessorImpl.java:45)
	at java.lang.reflect.Constructor.newInstance(Constructor.java:423)
	at org.openqa.selenium.remote.http.W3CHttpResponseCodec.createException(W3CHttpResponseCodec.java:187)
	at org.openqa.selenium.remote.http.W3CHttpResponseCodec.decode(W3CHttpResponseCodec.java:122)
	at org.openqa.selenium.remote.http.W3CHttpResponseCodec.decode(W3CHttpResponseCodec.java:49)
	at org.openqa.selenium.remote.HttpCommandExecutor.execute(HttpCommandExecutor.java:158)
	at org.openqa.selenium.remote.service.DriverCommandExecutor.execute(DriverCommandExecutor.java:83)
	at org.openqa.selenium.remote.RemoteWebDriver.execute(RemoteWebDriver.java:548)
	at org.openqa.selenium.remote.RemoteWebDriver.findElement(RemoteWebDriver.java:322)
	at org.openqa.selenium.remote.RemoteWebDriver.findElementByXPath(RemoteWebDriver.java:424)
	at org.openqa.selenium.By$ByXPath.findElement(By.java:353)
	at org.openqa.selenium.remote.RemoteWebDriver.findElement(RemoteWebDriver.java:314)
	at org.openqa.selenium.support.pagefactory.DefaultElementLocator.findElement(DefaultElementLocator.java:69)
	at org.openqa.selenium.support.pagefactory.internal.LocatingElementHandler.invoke(LocatingElementHandler.java:38)
	at com.sun.proxy.$Proxy8.getWrappedElement(Unknown Source)
	at org.openqa.selenium.remote.internal.WebElementToJsonConverter.apply(WebElementToJsonConverter.java:50)
	at java.util.stream.ReferencePipeline$3$1.accept(ReferencePipeline.java:193)
	at java.util.Spliterators$ArraySpliterator.forEachRemaining(Spliterators.java:948)
	at java.util.stream.AbstractPipeline.copyInto(AbstractPipeline.java:482)
	at java.util.stream.AbstractPipeline.wrapAndCopyInto(AbstractPipeline.java:472)
	at java.util.stream.ReduceOps$ReduceOp.evaluateSequential(ReduceOps.java:708)
	at java.util.stream.AbstractPipeline.evaluate(AbstractPipeline.java:234)
	at java.util.stream.ReferencePipeline.collect(ReferencePipeline.java:566)
	at org.openqa.selenium.remote.RemoteWebDriver.executeScript(RemoteWebDriver.java:480)
	at com.iBridge.pageobject.InsufficientBridge.superAdminAllocator(InsufficientBridge.java:1305)
	at com.iBridge.sme.testcases.TC_InitiateViaCandidateSmeExtended_02.verifyInsufficientAllocator(TC_InitiateViaCandidateSmeExtended_02.java:426)
	at sun.reflect.NativeMethodAccessorImpl.invoke0(Native Method)
	at sun.reflect.NativeMethodAccessorImpl.invoke(NativeMethodAccessorImpl.java:62)
	at sun.reflect.DelegatingMethodAccessorImpl.invoke(DelegatingMethodAccessorImpl.java:43)
	at java.lang.reflect.Method.invoke(Method.java:498)
	at org.testng.internal.MethodInvocationHelper.invokeMethod(MethodInvocationHelper.java:124)
	at org.testng.internal.Invoker.invokeMethod(Invoker.java:583)
	at org.testng.internal.Invoker.invokeTestMethod(Invoker.java:719)
	at org.testng.internal.Invoker.invokeTestMethods(Invoker.java:989)
	at org.testng.internal.TestMethodWorker.invokeTestMethods(TestMethodWorker.java:125)
	at org.testng.internal.TestMethodWorker.run(TestMethodWorker.java:109)
	at org.testng.TestRunner.privateRun(TestRunner.java:648)
	at org.testng.TestRunner.run(TestRunner.java:505)
	at org.testng.SuiteRunner.runTest(SuiteRunner.java:455)
	at org.testng.SuiteRunner.runSequentially(SuiteRunner.java:450)
	at org.testng.SuiteRunner.privateRun(SuiteRunner.java:415)
	at org.testng.SuiteRunner.run(SuiteRunner.java:364)
	at org.testng.SuiteRunnerWorker.runSuite(SuiteRunnerWorker.java:52)
	at org.testng.SuiteRunnerWorker.run(SuiteRunnerWorker.java:84)
	at org.testng.TestNG.runSuitesSequentially(TestNG.java:1208)
	at org.testng.TestNG.runSuitesLocally(TestNG.java:1137)
	at org.testng.TestNG.runSuites(TestNG.java:1049)
	at org.testng.TestNG.run(TestNG.java:1017)
	at org.apache.maven.surefire.testng.TestNGExecutor.run(TestNGExecutor.java:295)
	at org.apache.maven.surefire.testng.TestNGXmlTestSuite.execute(TestNGXmlTestSuite.java:84)
	at org.apache.maven.surefire.testng.TestNGProvider.invoke(TestNGProvider.java:90)
	at org.apache.maven.surefire.booter.ForkedBooter.invokeProviderInSameClassLoader(ForkedBooter.java:203)
	at org.apache.maven.surefire.booter.ForkedBooter.runSuitesInProcess(ForkedBooter.java:155)
	at org.apache.maven.surefire.booter.ForkedBooter.main(ForkedBooter.java:103)
</pre></div></td>
<td>3</td>
<td>com.iBridge.sme.testcases.TC_InitiateViaCandidateSmeExtended_02@3fb6a447</td></tr>
</table><p>
<table width='100%' border='1' class='invocation-passed'>
<tr><td colspan='4' align='center'><b>PASSED TESTS</b></td></tr>
<tr><td><b>Test method</b></td>
<td width="30%"><b>Exception</b></td>
<td width="10%"><b>Time (seconds)</b></td>
<td><b>Instance</b></td>
</tr>
<tr>
<td title='com.iBridge.sme.testcases.TC_InitiateViaCandidateSmeExtended_02.candidateProfileDetailsFilling()'><b>candidateProfileDetailsFilling</b><br>Test class: com.iBridge.sme.testcases.TC_InitiateViaCandidateSmeExtended_02</td>
<td></td>
<td>52</td>
<td>com.iBridge.sme.testcases.TC_InitiateViaCandidateSmeExtended_02@3fb6a447</td></tr>
<tr>
<td title='com.iBridge.sme.testcases.TC_InitiateViaCandidateSmeExtended_02.candidateSmeAccountLogin()'><b>candidateSmeAccountLogin</b><br>Test class: com.iBridge.sme.testcases.TC_InitiateViaCandidateSmeExtended_02</td>
<td></td>
<td>67</td>
<td>com.iBridge.sme.testcases.TC_InitiateViaCandidateSmeExtended_02@3fb6a447</td></tr>
<tr>
<td title='com.iBridge.sme.testcases.TC_InitiateViaCandidateSmeExtended_02.candidateSmeEmailVerification()'><b>candidateSmeEmailVerification</b><br>Test class: com.iBridge.sme.testcases.TC_InitiateViaCandidateSmeExtended_02</td>
<td></td>
<td>3</td>
<td>com.iBridge.sme.testcases.TC_InitiateViaCandidateSmeExtended_02@3fb6a447</td></tr>
<tr>
<td title='com.iBridge.sme.testcases.TC_InitiateViaCandidateSmeExtended_02.initiateViaCandidateCaseSme()'><b>initiateViaCandidateCaseSme</b><br>Test class: com.iBridge.sme.testcases.TC_InitiateViaCandidateSmeExtended_02</td>
<td></td>
<td>20</td>
<td>com.iBridge.sme.testcases.TC_InitiateViaCandidateSmeExtended_02@3fb6a447</td></tr>
<tr>
<td title='com.iBridge.sme.testcases.TC_InitiateViaCandidateSmeExtended_02.searchClientArsNoCaseList()'><b>searchClientArsNoCaseList</b><br>Test class: com.iBridge.sme.testcases.TC_InitiateViaCandidateSmeExtended_02</td>
<td></td>
<td>9</td>
<td>com.iBridge.sme.testcases.TC_InitiateViaCandidateSmeExtended_02@3fb6a447</td></tr>
<tr>
<td title='com.iBridge.sme.testcases.TC_InitiateViaCandidateSmeExtended_02.verifyAuthorizationRelease()'><b>verifyAuthorizationRelease</b><br>Test class: com.iBridge.sme.testcases.TC_InitiateViaCandidateSmeExtended_02</td>
<td></td>
<td>11</td>
<td>com.iBridge.sme.testcases.TC_InitiateViaCandidateSmeExtended_02@3fb6a447</td></tr>
<tr>
<td title='com.iBridge.sme.testcases.TC_InitiateViaCandidateSmeExtended_02.verifyCaseAppearingInTotalCaseSentList()'><b>verifyCaseAppearingInTotalCaseSentList</b><br>Test class: com.iBridge.sme.testcases.TC_InitiateViaCandidateSmeExtended_02</td>
<td></td>
<td>2</td>
<td>com.iBridge.sme.testcases.TC_InitiateViaCandidateSmeExtended_02@3fb6a447</td></tr>
<tr>
<td title='com.iBridge.sme.testcases.TC_InitiateViaCandidateSmeExtended_02.verifyFormNotSubmittedCaseList()'><b>verifyFormNotSubmittedCaseList</b><br>Test class: com.iBridge.sme.testcases.TC_InitiateViaCandidateSmeExtended_02</td>
<td></td>
<td>2</td>
<td>com.iBridge.sme.testcases.TC_InitiateViaCandidateSmeExtended_02@3fb6a447</td></tr>
<tr>
<td title='com.iBridge.sme.testcases.TC_InitiateViaCandidateSmeExtended_02.verifyFormSubmittedBucket()'><b>verifyFormSubmittedBucket</b><br>Test class: com.iBridge.sme.testcases.TC_InitiateViaCandidateSmeExtended_02</td>
<td></td>
<td>2</td>
<td>com.iBridge.sme.testcases.TC_InitiateViaCandidateSmeExtended_02@3fb6a447</td></tr>
<tr>
<td title='com.iBridge.sme.testcases.TC_InitiateViaCandidateSmeExtended_02.verifyInitiateViaCandidateCasePaymentPending()'><b>verifyInitiateViaCandidateCasePaymentPending</b><br>Test class: com.iBridge.sme.testcases.TC_InitiateViaCandidateSmeExtended_02</td>
<td></td>
<td>16</td>
<td>com.iBridge.sme.testcases.TC_InitiateViaCandidateSmeExtended_02@3fb6a447</td></tr>
<tr>
<td title='com.iBridge.sme.testcases.TC_InitiateViaCandidateSmeExtended_02.verifyInsufficientDocsQcAllocator()'><b>verifyInsufficientDocsQcAllocator</b><br>Test class: com.iBridge.sme.testcases.TC_InitiateViaCandidateSmeExtended_02</td>
<td></td>
<td>25</td>
<td>com.iBridge.sme.testcases.TC_InitiateViaCandidateSmeExtended_02@3fb6a447</td></tr>
<tr>
<td title='com.iBridge.sme.testcases.TC_InitiateViaCandidateSmeExtended_02.verifyInsufficientDocsQuality()'><b>verifyInsufficientDocsQuality</b><br>Test class: com.iBridge.sme.testcases.TC_InitiateViaCandidateSmeExtended_02</td>
<td></td>
<td>134</td>
<td>com.iBridge.sme.testcases.TC_InitiateViaCandidateSmeExtended_02@3fb6a447</td></tr>
<tr>
<td title='com.iBridge.sme.testcases.TC_InitiateViaCandidateSmeExtended_02.verifyPaymentPendingBucket()'><b>verifyPaymentPendingBucket</b><br>Test class: com.iBridge.sme.testcases.TC_InitiateViaCandidateSmeExtended_02</td>
<td></td>
<td>7</td>
<td>com.iBridge.sme.testcases.TC_InitiateViaCandidateSmeExtended_02@3fb6a447</td></tr>
<tr>
<td title='com.iBridge.sme.testcases.TC_InitiateViaCandidateSmeExtended_02.verifyWorkInProgressBucket()'><b>verifyWorkInProgressBucket</b><br>Test class: com.iBridge.sme.testcases.TC_InitiateViaCandidateSmeExtended_02</td>
<td></td>
<td>2</td>
<td>com.iBridge.sme.testcases.TC_InitiateViaCandidateSmeExtended_02@3fb6a447</td></tr>
</table><p>
</body>
</html>