<?xml version="1.0" encoding="UTF-8"?>
<!-- Generated by org.testng.reporters.JUnitXMLReporter -->
<testsuite hostname="ARS-NBT-LAP-068" ignored="0" name="ibridge 20" tests="10" failures="1" timestamp="02 Jun 2022 05:24:50 GMT" time="179.235" errors="0">
  <testcase name="signDriveLogin" time="4.887" classname="com.signdrive.testcases.SignDrive_Approved_Test"/>
  <testcase name="initiateViaCandidate" time="72.602" classname="com.signdrive.testcases.SignDrive_Approved_Test"/>
  <testcase name="uploadCTCFile" time="30.699" classname="com.signdrive.testcases.SignDrive_Approved_Test"/>
  <testcase name="emailVerification" time="65.211" classname="com.signdrive.testcases.SignDrive_Approved_Test">
    <failure type="org.openqa.selenium.ElementClickInterceptedException" message="element click intercepted: Element &amp;lt;input type=&amp;quot;checkbox&amp;quot; ng-model=&amp;quot;isConsentGiven&amp;quot; ng-disabled=&amp;quot;!((data.currentWorkflowState === &amp;apos;SIGN&amp;apos; || data.currentWorkflowState === &amp;apos;INPERSONSIGN&amp;apos;) &amp;amp;amp;&amp;amp;amp;
            !selectedDoc.isSigned &amp;amp;amp;&amp;amp;amp; !isSigningStarted &amp;amp;amp;&amp;amp;amp;
            !isDirectSign)&amp;quot; automation-id=&amp;quot;inboxConsentCheckbox&amp;quot; class=&amp;quot;ng-pristine ng-untouched ng-valid&amp;quot;&amp;gt; is not clickable at point (31, 76). Other element would receive the click: &amp;lt;div class=&amp;quot;msb-loader-container &amp;quot; automation-id=&amp;quot;msbLoader&amp;quot; ng-show=&amp;quot;msbLoader &amp;amp;amp;&amp;amp;amp; !svgLoader&amp;quot;&amp;gt;&amp;lt;/div&amp;gt;
  (Session info: chrome=101.0.4951.54)
Build info: version: &amp;apos;3.14.0&amp;apos;, revision: &amp;apos;aacccce0&amp;apos;, time: &amp;apos;2018-08-02T20:19:58.91Z&amp;apos;
System info: host: &amp;apos;ARS-NBT-LAP-068&amp;apos;, ip: &amp;apos;192.168.80.30&amp;apos;, os.name: &amp;apos;Linux&amp;apos;, os.arch: &amp;apos;amd64&amp;apos;, os.version: &amp;apos;5.13.0-40-generic&amp;apos;, java.version: &amp;apos;1.8.0_312&amp;apos;
Driver info: org.openqa.selenium.chrome.ChromeDriver
Capabilities {acceptInsecureCerts: false, browserName: chrome, browserVersion: 101.0.4951.54, chrome: {chromedriverVersion: 101.0.4951.41 (93c720db8323..., userDataDir: /tmp/.com.google.Chrome.OYDZ66}, goog:chromeOptions: {debuggerAddress: localhost:40365}, javascriptEnabled: true, networkConnectionEnabled: false, pageLoadStrategy: normal, platform: LINUX, platformName: LINUX, proxy: Proxy(), setWindowRect: true, strictFileInteractability: false, timeouts: {implicit: 0, pageLoad: 300000, script: 30000}, unhandledPromptBehavior: dismiss and notify, webauthn:extension:credBlob: true, webauthn:extension:largeBlob: true, webauthn:virtualAuthenticators: true}
Session ID: b7672c00dc5c8d965bed312e5a50750a">
      <![CDATA[org.openqa.selenium.ElementClickInterceptedException: element click intercepted: Element <input type="checkbox" ng-model="isConsentGiven" ng-disabled="!((data.currentWorkflowState === 'SIGN' || data.currentWorkflowState === 'INPERSONSIGN') &amp;&amp;
            !selectedDoc.isSigned &amp;&amp; !isSigningStarted &amp;&amp;
            !isDirectSign)" automation-id="inboxConsentCheckbox" class="ng-pristine ng-untouched ng-valid"> is not clickable at point (31, 76). Other element would receive the click: <div class="msb-loader-container " automation-id="msbLoader" ng-show="msbLoader &amp;&amp; !svgLoader"></div>
  (Session info: chrome=101.0.4951.54)
Build info: version: '3.14.0', revision: 'aacccce0', time: '2018-08-02T20:19:58.91Z'
System info: host: 'ARS-NBT-LAP-068', ip: '192.168.80.30', os.name: 'Linux', os.arch: 'amd64', os.version: '5.13.0-40-generic', java.version: '1.8.0_312'
Driver info: org.openqa.selenium.chrome.ChromeDriver
Capabilities {acceptInsecureCerts: false, browserName: chrome, browserVersion: 101.0.4951.54, chrome: {chromedriverVersion: 101.0.4951.41 (93c720db8323..., userDataDir: /tmp/.com.google.Chrome.OYDZ66}, goog:chromeOptions: {debuggerAddress: localhost:40365}, javascriptEnabled: true, networkConnectionEnabled: false, pageLoadStrategy: normal, platform: LINUX, platformName: LINUX, proxy: Proxy(), setWindowRect: true, strictFileInteractability: false, timeouts: {implicit: 0, pageLoad: 300000, script: 30000}, unhandledPromptBehavior: dismiss and notify, webauthn:extension:credBlob: true, webauthn:extension:largeBlob: true, webauthn:virtualAuthenticators: true}
Session ID: b7672c00dc5c8d965bed312e5a50750a
at org.openqa.selenium.remote.http.W3CHttpResponseCodec.createException(W3CHttpResponseCodec.java:187)
at org.openqa.selenium.remote.http.W3CHttpResponseCodec.decode(W3CHttpResponseCodec.java:122)
at org.openqa.selenium.remote.http.W3CHttpResponseCodec.decode(W3CHttpResponseCodec.java:49)
at org.openqa.selenium.remote.HttpCommandExecutor.execute(HttpCommandExecutor.java:158)
at org.openqa.selenium.remote.service.DriverCommandExecutor.execute(DriverCommandExecutor.java:83)
at org.openqa.selenium.remote.RemoteWebDriver.execute(RemoteWebDriver.java:548)
at org.openqa.selenium.remote.RemoteWebElement.execute(RemoteWebElement.java:276)
at org.openqa.selenium.remote.RemoteWebElement.click(RemoteWebElement.java:83)
at org.openqa.selenium.support.pagefactory.internal.LocatingElementHandler.invoke(LocatingElementHandler.java:51)
at com.sun.proxy.$Proxy8.click(Unknown Source)
at com.signdrive.pageobject.Email_Verification_page.offerLetterSignedByCandidate(Email_Verification_page.java:168)
at com.signdrive.testcases.SignDrive_Approved_Test.emailVerification(SignDrive_Approved_Test.java:104)
... Removed 35 stack frames]]>
    </failure>
  </testcase> <!-- emailVerification -->
  <testcase name="verifyOLAcceptedByCandidate" time="0.0" classname="com.signdrive.testcases.SignDrive_Approved_Test">
    <skipped/>
  </testcase> <!-- verifyOLAcceptedByCandidate -->
  <testcase name="bgvLogin" time="0.0" classname="com.signdrive.testcases.SignDrive_Approved_Test">
    <skipped/>
  </testcase> <!-- bgvLogin -->
  <testcase name="fillAndSumitForm" time="0.0" classname="com.signdrive.testcases.SignDrive_Approved_Test">
    <skipped/>
  </testcase> <!-- fillAndSumitForm -->
  <testcase name="pendingSignOffBucket" time="0.0" classname="com.signdrive.testcases.SignDrive_Approved_Test">
    <skipped/>
  </testcase> <!-- pendingSignOffBucket -->
  <testcase name="verifyInstaform" time="0.0" classname="com.signdrive.testcases.SignDrive_Approved_Test">
    <skipped/>
  </testcase> <!-- verifyInstaform -->
  <testcase name="instaform" time="0.0" classname="com.signdrive.testcases.SignDrive_Approved_Test">
    <skipped/>
  </testcase> <!-- instaform -->
</testsuite> <!-- ibridge 20 -->
