<?xml version="1.0" encoding="UTF-8"?>
<!-- Generated by org.testng.reporters.JUnitXMLReporter -->
<testsuite hostname="ARS-NBT-LAP-068" ignored="0" name="iBridge16" tests="10" failures="1" timestamp="15 Jul 2022 11:55:51 GMT" time="90.67" errors="0">
  <testcase name="verifyEnpAdminLoginAccount" time="1.461" classname="com.iBridge.testcases.TC_PrepaidInitiateCaseIndividuallyExtended_01"/>
  <testcase name="verifyInitiateNewCaseForIvc" time="81.819" classname="com.iBridge.testcases.TC_PrepaidInitiateCaseIndividuallyExtended_01">
    <failure type="org.openqa.selenium.NoSuchElementException" message="no such element: Unable to locate element: {&amp;quot;method&amp;quot;:&amp;quot;xpath&amp;quot;,&amp;quot;selector&amp;quot;:&amp;quot;//input[@id=&amp;apos;first-name&amp;apos;]&amp;quot;}
  (Session info: chrome=101.0.4951.54)
For documentation on this error, please visit: http://seleniumhq.org/exceptions/no_such_element.html
Build info: version: &amp;apos;3.14.0&amp;apos;, revision: &amp;apos;aacccce0&amp;apos;, time: &amp;apos;2018-08-02T20:19:58.91Z&amp;apos;
System info: host: &amp;apos;ARS-NBT-LAP-068&amp;apos;, ip: &amp;apos;192.168.223.30&amp;apos;, os.name: &amp;apos;Linux&amp;apos;, os.arch: &amp;apos;amd64&amp;apos;, os.version: &amp;apos;5.13.0-51-generic&amp;apos;, java.version: &amp;apos;1.8.0_312&amp;apos;
Driver info: org.openqa.selenium.chrome.ChromeDriver
Capabilities {acceptInsecureCerts: false, browserName: chrome, browserVersion: 101.0.4951.54, chrome: {chromedriverVersion: 101.0.4951.41 (93c720db8323..., userDataDir: /tmp/.com.google.Chrome.KyM8Ht}, goog:chromeOptions: {debuggerAddress: localhost:45657}, javascriptEnabled: true, networkConnectionEnabled: false, pageLoadStrategy: normal, platform: LINUX, platformName: LINUX, proxy: Proxy(), setWindowRect: true, strictFileInteractability: false, timeouts: {implicit: 0, pageLoad: 300000, script: 30000}, unhandledPromptBehavior: dismiss and notify, webauthn:extension:credBlob: true, webauthn:extension:largeBlob: true, webauthn:virtualAuthenticators: true}
Session ID: 64e33a7af05c6a2b59ae9e635f8f72e5
*** Element info: {Using=xpath, value=//input[@id=&amp;apos;first-name&amp;apos;]}">
      <![CDATA[org.openqa.selenium.NoSuchElementException: no such element: Unable to locate element: {"method":"xpath","selector":"//input[@id='first-name']"}
  (Session info: chrome=101.0.4951.54)
For documentation on this error, please visit: http://seleniumhq.org/exceptions/no_such_element.html
Build info: version: '3.14.0', revision: 'aacccce0', time: '2018-08-02T20:19:58.91Z'
System info: host: 'ARS-NBT-LAP-068', ip: '192.168.223.30', os.name: 'Linux', os.arch: 'amd64', os.version: '5.13.0-51-generic', java.version: '1.8.0_312'
Driver info: org.openqa.selenium.chrome.ChromeDriver
Capabilities {acceptInsecureCerts: false, browserName: chrome, browserVersion: 101.0.4951.54, chrome: {chromedriverVersion: 101.0.4951.41 (93c720db8323..., userDataDir: /tmp/.com.google.Chrome.KyM8Ht}, goog:chromeOptions: {debuggerAddress: localhost:45657}, javascriptEnabled: true, networkConnectionEnabled: false, pageLoadStrategy: normal, platform: LINUX, platformName: LINUX, proxy: Proxy(), setWindowRect: true, strictFileInteractability: false, timeouts: {implicit: 0, pageLoad: 300000, script: 30000}, unhandledPromptBehavior: dismiss and notify, webauthn:extension:credBlob: true, webauthn:extension:largeBlob: true, webauthn:virtualAuthenticators: true}
Session ID: 64e33a7af05c6a2b59ae9e635f8f72e5
*** Element info: {Using=xpath, value=//input[@id='first-name']}
at org.openqa.selenium.remote.http.W3CHttpResponseCodec.createException(W3CHttpResponseCodec.java:187)
at org.openqa.selenium.remote.http.W3CHttpResponseCodec.decode(W3CHttpResponseCodec.java:122)
at org.openqa.selenium.remote.http.W3CHttpResponseCodec.decode(W3CHttpResponseCodec.java:49)
at org.openqa.selenium.remote.HttpCommandExecutor.execute(HttpCommandExecutor.java:158)
at org.openqa.selenium.remote.service.DriverCommandExecutor.execute(DriverCommandExecutor.java:83)
at org.openqa.selenium.remote.RemoteWebDriver.execute(RemoteWebDriver.java:548)
at org.openqa.selenium.remote.RemoteWebDriver.findElement(RemoteWebDriver.java:322)
at org.openqa.selenium.remote.RemoteWebDriver.findElementByXPath(RemoteWebDriver.java:424)
at org.openqa.selenium.By$ByXPath.findElement(By.java:353)
at org.openqa.selenium.remote.RemoteWebDriver.findElement(RemoteWebDriver.java:314)
at org.openqa.selenium.support.pagefactory.DefaultElementLocator.findElement(DefaultElementLocator.java:69)
at org.openqa.selenium.support.pagefactory.internal.LocatingElementHandler.invoke(LocatingElementHandler.java:38)
at com.sun.proxy.$Proxy8.sendKeys(Unknown Source)
at com.iBridge.pageobject.InitiateCasesIndividually.candidateFirstName(InitiateCasesIndividually.java:304)
at com.iBridge.testcases.TC_PrepaidInitiateCaseIndividuallyExtended_01.verifyInitiateNewCaseForIvc(TC_PrepaidInitiateCaseIndividuallyExtended_01.java:55)
... Removed 32 stack frames]]>
    </failure>
  </testcase> <!-- verifyInitiateNewCaseForIvc -->
  <testcase name="verifyPendingCaseSubmissionVerification" time="0.0" classname="com.iBridge.testcases.TC_PrepaidInitiateCaseIndividuallyExtended_01">
    <skipped/>
  </testcase> <!-- verifyPendingCaseSubmissionVerification -->
  <testcase name="candidateEmailVerification" time="0.0" classname="com.iBridge.testcases.TC_PrepaidInitiateCaseIndividuallyExtended_01">
    <skipped/>
  </testcase> <!-- candidateEmailVerification -->
  <testcase name="verifyCandidateFullfillAllFormDetails" time="0.0" classname="com.iBridge.testcases.TC_PrepaidInitiateCaseIndividuallyExtended_01">
    <skipped/>
  </testcase> <!-- verifyCandidateFullfillAllFormDetails -->
  <testcase name="verifyPrepaidAmountPayableValue" time="0.0" classname="com.iBridge.testcases.TC_PrepaidInitiateCaseIndividuallyExtended_01">
    <skipped/>
  </testcase> <!-- verifyPrepaidAmountPayableValue -->
  <testcase name="verifyPrepaidPaymentPendingCases" time="0.0" classname="com.iBridge.testcases.TC_PrepaidInitiateCaseIndividuallyExtended_01">
    <skipped/>
  </testcase> <!-- verifyPrepaidPaymentPendingCases -->
  <testcase name="verifysubmittedForVerificationBucket" time="0.0" classname="com.iBridge.testcases.TC_PrepaidInitiateCaseIndividuallyExtended_01">
    <skipped/>
  </testcase> <!-- verifysubmittedForVerificationBucket -->
  <testcase name="submittedCasesTrackerWipCases" time="0.0" classname="com.iBridge.testcases.TC_PrepaidInitiateCaseIndividuallyExtended_01">
    <skipped/>
  </testcase> <!-- submittedCasesTrackerWipCases -->
  <testcase name="searchClientArsNoCaseList" time="0.0" classname="com.iBridge.testcases.TC_PrepaidInitiateCaseIndividuallyExtended_01">
    <skipped/>
  </testcase> <!-- searchClientArsNoCaseList -->
</testsuite> <!-- iBridge16 -->
