<?xml version="1.0" encoding="UTF-8"?>
<!-- Generated by org.testng.reporters.JUnitXMLReporter -->
<testsuite hostname="ARS-NBT-LAP-068" ignored="0" name="iBridge10" tests="8" failures="1" timestamp="08 Jul 2022 05:43:22 GMT" time="14.27" errors="0">
  <testcase name="initiateSelfCaseSme" time="8.615" classname="com.iBridge.sme.testcases.TC_InitiateSelfCaseSmeExtended_01">
    <failure type="org.openqa.selenium.WebDriverException" message="chrome not reachable
  (Session info: chrome=101.0.4951.54)
Build info: version: &amp;apos;3.14.0&amp;apos;, revision: &amp;apos;aacccce0&amp;apos;, time: &amp;apos;2018-08-02T20:19:58.91Z&amp;apos;
System info: host: &amp;apos;ARS-NBT-LAP-068&amp;apos;, ip: &amp;apos;192.168.121.30&amp;apos;, os.name: &amp;apos;Linux&amp;apos;, os.arch: &amp;apos;amd64&amp;apos;, os.version: &amp;apos;5.13.0-51-generic&amp;apos;, java.version: &amp;apos;1.8.0_312&amp;apos;
Driver info: org.openqa.selenium.chrome.ChromeDriver
Capabilities {acceptInsecureCerts: false, browserName: chrome, browserVersion: 101.0.4951.54, chrome: {chromedriverVersion: 101.0.4951.41 (93c720db8323..., userDataDir: /tmp/.com.google.Chrome.8I3vpW}, goog:chromeOptions: {debuggerAddress: localhost:45735}, javascriptEnabled: true, networkConnectionEnabled: false, pageLoadStrategy: normal, platform: LINUX, platformName: LINUX, proxy: Proxy(), setWindowRect: true, strictFileInteractability: false, timeouts: {implicit: 0, pageLoad: 300000, script: 30000}, unhandledPromptBehavior: dismiss and notify, webauthn:extension:credBlob: true, webauthn:extension:largeBlob: true, webauthn:virtualAuthenticators: true}
Session ID: 853f192c3493107fb10dbe457b7bc736
*** Element info: {Using=xpath, value=//*[@class=&amp;apos;menu-wallet-icon&amp;apos;]}">
      <![CDATA[org.openqa.selenium.WebDriverException: chrome not reachable
  (Session info: chrome=101.0.4951.54)
Build info: version: '3.14.0', revision: 'aacccce0', time: '2018-08-02T20:19:58.91Z'
System info: host: 'ARS-NBT-LAP-068', ip: '192.168.121.30', os.name: 'Linux', os.arch: 'amd64', os.version: '5.13.0-51-generic', java.version: '1.8.0_312'
Driver info: org.openqa.selenium.chrome.ChromeDriver
Capabilities {acceptInsecureCerts: false, browserName: chrome, browserVersion: 101.0.4951.54, chrome: {chromedriverVersion: 101.0.4951.41 (93c720db8323..., userDataDir: /tmp/.com.google.Chrome.8I3vpW}, goog:chromeOptions: {debuggerAddress: localhost:45735}, javascriptEnabled: true, networkConnectionEnabled: false, pageLoadStrategy: normal, platform: LINUX, platformName: LINUX, proxy: Proxy(), setWindowRect: true, strictFileInteractability: false, timeouts: {implicit: 0, pageLoad: 300000, script: 30000}, unhandledPromptBehavior: dismiss and notify, webauthn:extension:credBlob: true, webauthn:extension:largeBlob: true, webauthn:virtualAuthenticators: true}
Session ID: 853f192c3493107fb10dbe457b7bc736
*** Element info: {Using=xpath, value=//*[@class='menu-wallet-icon']}
at org.openqa.selenium.remote.http.W3CHttpResponseCodec.createException(W3CHttpResponseCodec.java:187)
at org.openqa.selenium.remote.http.W3CHttpResponseCodec.decode(W3CHttpResponseCodec.java:122)
at org.openqa.selenium.remote.http.W3CHttpResponseCodec.decode(W3CHttpResponseCodec.java:49)
at org.openqa.selenium.remote.HttpCommandExecutor.execute(HttpCommandExecutor.java:158)
at org.openqa.selenium.remote.service.DriverCommandExecutor.execute(DriverCommandExecutor.java:83)
at org.openqa.selenium.remote.RemoteWebDriver.execute(RemoteWebDriver.java:548)
at org.openqa.selenium.remote.RemoteWebDriver.findElement(RemoteWebDriver.java:322)
at org.openqa.selenium.remote.RemoteWebDriver.findElementByXPath(RemoteWebDriver.java:424)
at org.openqa.selenium.By$ByXPath.findElement(By.java:353)
at org.openqa.selenium.remote.RemoteWebDriver.findElement(RemoteWebDriver.java:314)
at org.openqa.selenium.support.pagefactory.DefaultElementLocator.findElement(DefaultElementLocator.java:69)
at org.openqa.selenium.support.pagefactory.internal.LocatingElementHandler.invoke(LocatingElementHandler.java:38)
at com.sun.proxy.$Proxy8.click(Unknown Source)
at com.iBridge.sme.pageobject.InitiateSelfCaseSme.initiateNewCase(InitiateSelfCaseSme.java:963)
at com.iBridge.sme.testcases.TC_InitiateSelfCaseSmeExtended_01.initiateSelfCaseSme(TC_InitiateSelfCaseSmeExtended_01.java:44)
... Removed 32 stack frames]]>
    </failure>
  </testcase> <!-- initiateSelfCaseSme -->
  <testcase name="candidateProfileDetailsFilling" time="0.0" classname="com.iBridge.sme.testcases.TC_InitiateSelfCaseSmeExtended_01">
    <skipped/>
  </testcase> <!-- candidateProfileDetailsFilling -->
  <testcase name="verifyAuthorizationRelease" time="0.0" classname="com.iBridge.sme.testcases.TC_InitiateSelfCaseSmeExtended_01">
    <skipped/>
  </testcase> <!-- verifyAuthorizationRelease -->
  <testcase name="verifyWorkInProgressCases" time="0.0" classname="com.iBridge.sme.testcases.TC_InitiateSelfCaseSmeExtended_01">
    <skipped/>
  </testcase> <!-- verifyWorkInProgressCases -->
  <testcase name="searchClientArsNoCaseList" time="0.0" classname="com.iBridge.sme.testcases.TC_InitiateSelfCaseSmeExtended_01">
    <skipped/>
  </testcase> <!-- searchClientArsNoCaseList -->
  <testcase name="verifyInsufficientDocsQcAllocator" time="0.0" classname="com.iBridge.sme.testcases.TC_InitiateSelfCaseSmeExtended_01">
    <skipped/>
  </testcase> <!-- verifyInsufficientDocsQcAllocator -->
  <testcase name="verifyInsufficientDocsQuality" time="0.0" classname="com.iBridge.sme.testcases.TC_InitiateSelfCaseSmeExtended_01">
    <skipped/>
  </testcase> <!-- verifyInsufficientDocsQuality -->
  <testcase name="verifyInsufficientAllocator" time="0.0" classname="com.iBridge.sme.testcases.TC_InitiateSelfCaseSmeExtended_01">
    <skipped/>
  </testcase> <!-- verifyInsufficientAllocator -->
</testsuite> <!-- iBridge10 -->
