<?xml version="1.0" encoding="UTF-8"?>
<!-- Generated by org.testng.reporters.JUnitXMLReporter -->
<testsuite hostname="ARS-NBT-LAP-068" ignored="0" name="iBridge 23" tests="12" failures="1" timestamp="09 Jun 2022 08:18:31 GMT" time="1102.231" errors="0">
  <testcase name="signDriveLogin" time="8.459" classname="com.signdrive.testcases.SignDrive_ManaulTrigger_Test"/>
  <testcase name="initiateViaCandidate" time="65.685" classname="com.signdrive.testcases.SignDrive_ManaulTrigger_Test"/>
  <testcase name="uploadCTCFile" time="30.226" classname="com.signdrive.testcases.SignDrive_ManaulTrigger_Test"/>
  <testcase name="emailVerification" time="64.512" classname="com.signdrive.testcases.SignDrive_ManaulTrigger_Test"/>
  <testcase name="verifyOLAcceptedByCandidate" time="161.397" classname="com.signdrive.testcases.SignDrive_ManaulTrigger_Test"/>
  <testcase name="bgvLogin" time="61.687" classname="com.signdrive.testcases.SignDrive_ManaulTrigger_Test"/>
  <testcase name="fillAndSumitForm" time="94.937" classname="com.signdrive.testcases.SignDrive_ManaulTrigger_Test"/>
  <testcase name="pendingSignOffBucket" time="20.103" classname="com.signdrive.testcases.SignDrive_ManaulTrigger_Test"/>
  <testcase name="verifyInstaform" time="31.241" classname="com.signdrive.testcases.SignDrive_ManaulTrigger_Test"/>
  <testcase name="instaform" time="286.029" classname="com.signdrive.testcases.SignDrive_ManaulTrigger_Test"/>
  <testcase name="addAdditionalDetail" time="12.44" classname="com.signdrive.testcases.SignDrive_ManaulTrigger_Test"/>
  <testcase name="alLink" time="257.875" classname="com.signdrive.testcases.SignDrive_ManaulTrigger_Test">
    <failure type="org.openqa.selenium.NoSuchElementException" message="no such element: Unable to locate element: {&amp;quot;method&amp;quot;:&amp;quot;xpath&amp;quot;,&amp;quot;selector&amp;quot;:&amp;quot;//*[text()=&amp;apos; YCcB ebIo IVvs &amp;apos;]//parent::div//parent::div[@class=&amp;apos;candiate-details&amp;apos;]//following-sibling::div[@class=&amp;apos;action-box&amp;apos;]//child::a[@title=&amp;apos;View Signed docs&amp;apos;]&amp;quot;}
  (Session info: chrome=101.0.4951.54)
For documentation on this error, please visit: http://seleniumhq.org/exceptions/no_such_element.html
Build info: version: &amp;apos;3.14.0&amp;apos;, revision: &amp;apos;aacccce0&amp;apos;, time: &amp;apos;2018-08-02T20:19:58.91Z&amp;apos;
System info: host: &amp;apos;ARS-NBT-LAP-068&amp;apos;, ip: &amp;apos;192.168.80.30&amp;apos;, os.name: &amp;apos;Linux&amp;apos;, os.arch: &amp;apos;amd64&amp;apos;, os.version: &amp;apos;5.13.0-44-generic&amp;apos;, java.version: &amp;apos;1.8.0_312&amp;apos;
Driver info: org.openqa.selenium.chrome.ChromeDriver
Capabilities {acceptInsecureCerts: false, browserName: chrome, browserVersion: 101.0.4951.54, chrome: {chromedriverVersion: 101.0.4951.41 (93c720db8323..., userDataDir: /tmp/.com.google.Chrome.ckGQ0r}, goog:chromeOptions: {debuggerAddress: localhost:41733}, javascriptEnabled: true, networkConnectionEnabled: false, pageLoadStrategy: normal, platform: LINUX, platformName: LINUX, proxy: Proxy(), setWindowRect: true, strictFileInteractability: false, timeouts: {implicit: 0, pageLoad: 300000, script: 30000}, unhandledPromptBehavior: dismiss and notify, webauthn:extension:credBlob: true, webauthn:extension:largeBlob: true, webauthn:virtualAuthenticators: true}
Session ID: 7148c05d4b680bb5a389941f39309e99
*** Element info: {Using=xpath, value=//*[text()=&amp;apos; YCcB ebIo IVvs &amp;apos;]//parent::div//parent::div[@class=&amp;apos;candiate-details&amp;apos;]//following-sibling::div[@class=&amp;apos;action-box&amp;apos;]//child::a[@title=&amp;apos;View Signed docs&amp;apos;]}">
      <![CDATA[org.openqa.selenium.NoSuchElementException: no such element: Unable to locate element: {"method":"xpath","selector":"//*[text()=' YCcB ebIo IVvs ']//parent::div//parent::div[@class='candiate-details']//following-sibling::div[@class='action-box']//child::a[@title='View Signed docs']"}
  (Session info: chrome=101.0.4951.54)
For documentation on this error, please visit: http://seleniumhq.org/exceptions/no_such_element.html
Build info: version: '3.14.0', revision: 'aacccce0', time: '2018-08-02T20:19:58.91Z'
System info: host: 'ARS-NBT-LAP-068', ip: '192.168.80.30', os.name: 'Linux', os.arch: 'amd64', os.version: '5.13.0-44-generic', java.version: '1.8.0_312'
Driver info: org.openqa.selenium.chrome.ChromeDriver
Capabilities {acceptInsecureCerts: false, browserName: chrome, browserVersion: 101.0.4951.54, chrome: {chromedriverVersion: 101.0.4951.41 (93c720db8323..., userDataDir: /tmp/.com.google.Chrome.ckGQ0r}, goog:chromeOptions: {debuggerAddress: localhost:41733}, javascriptEnabled: true, networkConnectionEnabled: false, pageLoadStrategy: normal, platform: LINUX, platformName: LINUX, proxy: Proxy(), setWindowRect: true, strictFileInteractability: false, timeouts: {implicit: 0, pageLoad: 300000, script: 30000}, unhandledPromptBehavior: dismiss and notify, webauthn:extension:credBlob: true, webauthn:extension:largeBlob: true, webauthn:virtualAuthenticators: true}
Session ID: 7148c05d4b680bb5a389941f39309e99
*** Element info: {Using=xpath, value=//*[text()=' YCcB ebIo IVvs ']//parent::div//parent::div[@class='candiate-details']//following-sibling::div[@class='action-box']//child::a[@title='View Signed docs']}
at org.openqa.selenium.remote.http.W3CHttpResponseCodec.createException(W3CHttpResponseCodec.java:187)
at org.openqa.selenium.remote.http.W3CHttpResponseCodec.decode(W3CHttpResponseCodec.java:122)
at org.openqa.selenium.remote.http.W3CHttpResponseCodec.decode(W3CHttpResponseCodec.java:49)
at org.openqa.selenium.remote.HttpCommandExecutor.execute(HttpCommandExecutor.java:158)
at org.openqa.selenium.remote.service.DriverCommandExecutor.execute(DriverCommandExecutor.java:83)
at org.openqa.selenium.remote.RemoteWebDriver.execute(RemoteWebDriver.java:548)
at org.openqa.selenium.remote.RemoteWebDriver.findElement(RemoteWebDriver.java:322)
at org.openqa.selenium.remote.RemoteWebDriver.findElementByXPath(RemoteWebDriver.java:424)
at org.openqa.selenium.By$ByXPath.findElement(By.java:353)
at org.openqa.selenium.remote.RemoteWebDriver.findElement(RemoteWebDriver.java:314)
at com.signdrive.pageobject.Initiate_newcase_page.reviewAndApproveAL(Initiate_newcase_page.java:1469)
at com.signdrive.testcases.SignDrive_ManaulTrigger_Test.alLink(SignDrive_ManaulTrigger_Test.java:308)
... Removed 32 stack frames]]>
    </failure>
  </testcase> <!-- alLink -->
</testsuite> <!-- iBridge 23 -->
