<?xml version="1.0" encoding="UTF-8"?>
<!-- Generated by org.testng.reporters.JUnitXMLReporter -->
<testsuite hostname="ARS-NBT-LAP-068" ignored="0" name="iBridge4" tests="17" failures="1" timestamp="07 Jul 2022 14:38:32 GMT" time="274.717" errors="0">
  <testcase name="verifyInsufficientVerifier" time="37.025" classname="com.iBridge.testcases.TC_InsufficientBridge_01"/>
  <testcase name="verifyInsufficientpendingForFulfilment" time="26.161" classname="com.iBridge.testcases.TC_InsufficientBridge_01"/>
  <testcase name="verifyInsufficiencyFulfillment" time="14.851" classname="com.iBridge.testcases.TC_InsufficientBridge_01"/>
  <testcase name="verifyInsufficientCasesPresentOrNot" time="10.172" classname="com.iBridge.testcases.TC_InsufficientBridge_01"/>
  <testcase name="verifyInsufficientVerifierPanCheck" time="24.994" classname="com.iBridge.testcases.TC_InsufficientBridge_01"/>
  <testcase name="verifyInsufficientpendingForPanNumberFulfilment" time="13.558" classname="com.iBridge.testcases.TC_InsufficientBridge_01"/>
  <testcase name="verifyInsufficiencyPartiallyApproveFulfillment" time="12.227" classname="com.iBridge.testcases.TC_InsufficientBridge_01"/>
  <testcase name="verifyInsufficientPartiallyApproveCasesPresentOrNot" time="9.886" classname="com.iBridge.testcases.TC_InsufficientBridge_01"/>
  <testcase name="verifyInsufficientVerifierIndianDatabaseCheck" time="20.026" classname="com.iBridge.testcases.TC_InsufficientBridge_01"/>
  <testcase name="verifyInsufficientpendingForIndianDatabaseFulfilment" time="10.988" classname="com.iBridge.testcases.TC_InsufficientBridge_01"/>
  <testcase name="verifyInsufficiencyRejectedFulfillment" time="13.987" classname="com.iBridge.testcases.TC_InsufficientBridge_01"/>
  <testcase name="verifyInsufficientRejectedCasesPresentOrNot" time="11.448" classname="com.iBridge.testcases.TC_InsufficientBridge_01"/>
  <testcase name="verifyRoutedToCandidate" time="61.404" classname="com.iBridge.testcases.TC_InsufficientBridge_01">
    <failure type="org.openqa.selenium.NoSuchElementException" message="no such element: Unable to locate element: {&amp;quot;method&amp;quot;:&amp;quot;xpath&amp;quot;,&amp;quot;selector&amp;quot;:&amp;quot;/html[1]/body[1]/div[4]/div[1]/div[1]/div[1]/div[2]/div[2]/div[2]/div[1]/div[2]/div[1]/div[1]/div[1]/div[1]/div[1]/div[1]/div[3]/form[1]/div[1]/h4[1]/div[1]/label[1]/input[1]&amp;quot;}
  (Session info: headless chrome=101.0.4951.54)
For documentation on this error, please visit: http://seleniumhq.org/exceptions/no_such_element.html
Build info: version: &amp;apos;3.14.0&amp;apos;, revision: &amp;apos;aacccce0&amp;apos;, time: &amp;apos;2018-08-02T20:19:58.91Z&amp;apos;
System info: host: &amp;apos;ARS-NBT-LAP-068&amp;apos;, ip: &amp;apos;192.168.121.30&amp;apos;, os.name: &amp;apos;Linux&amp;apos;, os.arch: &amp;apos;amd64&amp;apos;, os.version: &amp;apos;5.13.0-51-generic&amp;apos;, java.version: &amp;apos;1.8.0_312&amp;apos;
Driver info: org.openqa.selenium.chrome.ChromeDriver
Capabilities {acceptInsecureCerts: false, browserName: chrome, browserVersion: 101.0.4951.54, chrome: {chromedriverVersion: 101.0.4951.41 (93c720db8323..., userDataDir: /tmp/.com.google.Chrome.wfKPGx}, goog:chromeOptions: {debuggerAddress: localhost:42427}, javascriptEnabled: true, networkConnectionEnabled: false, pageLoadStrategy: normal, platform: LINUX, platformName: LINUX, proxy: Proxy(), setWindowRect: true, strictFileInteractability: false, timeouts: {implicit: 0, pageLoad: 300000, script: 30000}, unhandledPromptBehavior: dismiss and notify, webauthn:extension:credBlob: true, webauthn:extension:largeBlob: true, webauthn:virtualAuthenticators: true}
Session ID: 21736d3bce7a173c253ee5d922ea6cd6
*** Element info: {Using=xpath, value=/html[1]/body[1]/div[4]/div[1]/div[1]/div[1]/div[2]/div[2]/div[2]/div[1]/div[2]/div[1]/div[1]/div[1]/div[1]/div[1]/div[1]/div[3]/form[1]/div[1]/h4[1]/div[1]/label[1]/input[1]}">
      <![CDATA[org.openqa.selenium.NoSuchElementException: no such element: Unable to locate element: {"method":"xpath","selector":"/html[1]/body[1]/div[4]/div[1]/div[1]/div[1]/div[2]/div[2]/div[2]/div[1]/div[2]/div[1]/div[1]/div[1]/div[1]/div[1]/div[1]/div[3]/form[1]/div[1]/h4[1]/div[1]/label[1]/input[1]"}
  (Session info: headless chrome=101.0.4951.54)
For documentation on this error, please visit: http://seleniumhq.org/exceptions/no_such_element.html
Build info: version: '3.14.0', revision: 'aacccce0', time: '2018-08-02T20:19:58.91Z'
System info: host: 'ARS-NBT-LAP-068', ip: '192.168.121.30', os.name: 'Linux', os.arch: 'amd64', os.version: '5.13.0-51-generic', java.version: '1.8.0_312'
Driver info: org.openqa.selenium.chrome.ChromeDriver
Capabilities {acceptInsecureCerts: false, browserName: chrome, browserVersion: 101.0.4951.54, chrome: {chromedriverVersion: 101.0.4951.41 (93c720db8323..., userDataDir: /tmp/.com.google.Chrome.wfKPGx}, goog:chromeOptions: {debuggerAddress: localhost:42427}, javascriptEnabled: true, networkConnectionEnabled: false, pageLoadStrategy: normal, platform: LINUX, platformName: LINUX, proxy: Proxy(), setWindowRect: true, strictFileInteractability: false, timeouts: {implicit: 0, pageLoad: 300000, script: 30000}, unhandledPromptBehavior: dismiss and notify, webauthn:extension:credBlob: true, webauthn:extension:largeBlob: true, webauthn:virtualAuthenticators: true}
Session ID: 21736d3bce7a173c253ee5d922ea6cd6
*** Element info: {Using=xpath, value=/html[1]/body[1]/div[4]/div[1]/div[1]/div[1]/div[2]/div[2]/div[2]/div[1]/div[2]/div[1]/div[1]/div[1]/div[1]/div[1]/div[1]/div[3]/form[1]/div[1]/h4[1]/div[1]/label[1]/input[1]}
at org.openqa.selenium.remote.http.W3CHttpResponseCodec.createException(W3CHttpResponseCodec.java:187)
at org.openqa.selenium.remote.http.W3CHttpResponseCodec.decode(W3CHttpResponseCodec.java:122)
at org.openqa.selenium.remote.http.W3CHttpResponseCodec.decode(W3CHttpResponseCodec.java:49)
at org.openqa.selenium.remote.HttpCommandExecutor.execute(HttpCommandExecutor.java:158)
at org.openqa.selenium.remote.service.DriverCommandExecutor.execute(DriverCommandExecutor.java:83)
at org.openqa.selenium.remote.RemoteWebDriver.execute(RemoteWebDriver.java:548)
at org.openqa.selenium.remote.RemoteWebDriver.findElement(RemoteWebDriver.java:322)
at org.openqa.selenium.remote.RemoteWebDriver.findElementByXPath(RemoteWebDriver.java:424)
at org.openqa.selenium.By$ByXPath.findElement(By.java:353)
at org.openqa.selenium.remote.RemoteWebDriver.findElement(RemoteWebDriver.java:314)
at org.openqa.selenium.support.pagefactory.DefaultElementLocator.findElement(DefaultElementLocator.java:69)
at org.openqa.selenium.support.pagefactory.internal.LocatingElementHandler.invoke(LocatingElementHandler.java:38)
at com.sun.proxy.$Proxy8.getWrappedElement(Unknown Source)
at org.openqa.selenium.remote.internal.WebElementToJsonConverter.apply(WebElementToJsonConverter.java:50)
at java.util.stream.ReferencePipeline$3$1.accept(ReferencePipeline.java:193)
at java.util.Spliterators$ArraySpliterator.forEachRemaining(Spliterators.java:948)
at java.util.stream.AbstractPipeline.copyInto(AbstractPipeline.java:482)
at java.util.stream.AbstractPipeline.wrapAndCopyInto(AbstractPipeline.java:472)
at java.util.stream.ReduceOps$ReduceOp.evaluateSequential(ReduceOps.java:708)
at java.util.stream.AbstractPipeline.evaluate(AbstractPipeline.java:234)
at java.util.stream.ReferencePipeline.collect(ReferencePipeline.java:566)
at org.openqa.selenium.remote.RemoteWebDriver.executeScript(RemoteWebDriver.java:480)
at com.iBridge.pageobject.InsufficientiBridge.checkRoutedToCandidate(InsufficientiBridge.java:577)
at com.iBridge.testcases.TC_InsufficientBridge_01.verifyRoutedToCandidate(TC_InsufficientBridge_01.java:299)
... Removed 32 stack frames]]>
    </failure>
  </testcase> <!-- verifyRoutedToCandidate -->
  <testcase name="verifyGetRouteToCandidateUserNameAndPassword" time="0.0" classname="com.iBridge.testcases.TC_InsufficientBridge_01">
    <skipped/>
  </testcase> <!-- verifyGetRouteToCandidateUserNameAndPassword -->
  <testcase name="verifyRouteToCandidateDetails" time="0.0" classname="com.iBridge.testcases.TC_InsufficientBridge_01">
    <skipped/>
  </testcase> <!-- verifyRouteToCandidateDetails -->
  <testcase name="verifyRouteToCandidatefullfilInsuffBucket" time="0.0" classname="com.iBridge.testcases.TC_InsufficientBridge_01">
    <skipped/>
  </testcase> <!-- verifyRouteToCandidatefullfilInsuffBucket -->
  <testcase name="verifyClientAcknowledgeMail" time="0.0" classname="com.iBridge.testcases.TC_InsufficientBridge_01">
    <skipped/>
  </testcase> <!-- verifyClientAcknowledgeMail -->
</testsuite> <!-- iBridge4 -->
