<html>
<head>
<title>TestNG:  iBridge9</title>
<link href="../testng.css" rel="stylesheet" type="text/css" />
<link href="../my-testng.css" rel="stylesheet" type="text/css" />

<style type="text/css">
.log { display: none;} 
.stack-trace { display: none;} 
</style>
<script type="text/javascript">
<!--
function flip(e) {
  current = e.style.display;
  if (current == 'block') {
    e.style.display = 'none';
    return 0;
  }
  else {
    e.style.display = 'block';
    return 1;
  }
}

function toggleBox(szDivId, elem, msg1, msg2)
{
  var res = -1;  if (document.getElementById) {
    res = flip(document.getElementById(szDivId));
  }
  else if (document.all) {
    // this is the way old msie versions work
    res = flip(document.all[szDivId]);
  }
  if(elem) {
    if(res == 0) elem.innerHTML = msg1; else elem.innerHTML = msg2;
  }

}

function toggleAllBoxes() {
  if (document.getElementsByTagName) {
    d = document.getElementsByTagName('div');
    for (i = 0; i < d.length; i++) {
      if (d[i].className == 'log') {
        flip(d[i]);
      }
    }
  }
}

// -->
</script>

</head>
<body>
<h2 align='center'>iBridge9</h2><table border='1' align="center">
<tr>
<td>Tests passed/Failed/Skipped:</td><td>10/1/1</td>
</tr><tr>
<td>Started on:</td><td>Wed Jul 06 12:15:59 IST 2022</td>
</tr>
<tr><td>Total time:</td><td>237 seconds (237200 ms)</td>
</tr><tr>
<td>Included groups:</td><td></td>
</tr><tr>
<td>Excluded groups:</td><td></td>
</tr>
</table><p/>
<small><i>(Hover the method name to see the test class name)</i></small><p/>
<table width='100%' border='1' class='invocation-failed'>
<tr><td colspan='4' align='center'><b>FAILED TESTS</b></td></tr>
<tr><td><b>Test method</b></td>
<td width="30%"><b>Exception</b></td>
<td width="10%"><b>Time (seconds)</b></td>
<td><b>Instance</b></td>
</tr>
<tr>
<td title='com.iBridge.testcases.TC_SubmitCasesInBulkExtended_04.submitCaseInFolderSubmit()'><b>submitCaseInFolderSubmit</b><br>Test class: com.iBridge.testcases.TC_SubmitCasesInBulkExtended_04</td>
<td><div><pre>org.openqa.selenium.StaleElementReferenceException: stale element reference: element is not attached to the page document
  (Session info: chrome=101.0.4951.54)
For documentation on this error, please visit: http://seleniumhq.org/exceptions/stale_element_reference.html
Build info: version: &apos;3.14.0&apos;, revision: &apos;aacccce0&apos;, time: &apos;2018-08-02T20:19:58.91Z&apos;
System info: host: &apos;ARS-NBT-LAP-068&apos;, ip: &apos;192.168.121.30&apos;, os.name: &apos;Linux&apos;, os.arch: &apos;amd64&apos;, os.version: &apos;5.13.0-51-generic&apos;, java.version: &apos;1.8.0_312&apos;
Driver info: org.openqa.selenium.chrome.ChromeDriver
Capabilities {acceptInsecureCerts: false, browserName: chrome, browserVersion: 101.0.4951.54, chrome: {chromedriverVersion: 101.0.4951.41 (93c720db8323..., userDataDir: /tmp/.com.google.Chrome.OEEI40}, goog:chromeOptions: {debuggerAddress: localhost:32969}, javascriptEnabled: true, networkConnectionEnabled: false, pageLoadStrategy: normal, platform: LINUX, platformName: LINUX, proxy: Proxy(), setWindowRect: true, strictFileInteractability: false, timeouts: {implicit: 0, pageLoad: 300000, script: 30000}, unhandledPromptBehavior: dismiss and notify, webauthn:extension:credBlob: true, webauthn:extension:largeBlob: true, webauthn:virtualAuthenticators: true}
Session ID: bea3dfecaf1edf84495806a79cca6924
	at org.openqa.selenium.remote.http.W3CHttpResponseCodec.createException(W3CHttpResponseCodec.java:187)
	at org.openqa.selenium.remote.http.W3CHttpResponseCodec.decode(W3CHttpResponseCodec.java:122)
	at org.openqa.selenium.remote.http.W3CHttpResponseCodec.decode(W3CHttpResponseCodec.java:49)
	at org.openqa.selenium.remote.HttpCommandExecutor.execute(HttpCommandExecutor.java:158)
	at org.openqa.selenium.remote.service.DriverCommandExecutor.execute(DriverCommandExecutor.java:83)
	at org.openqa.selenium.remote.RemoteWebDriver.execute(RemoteWebDriver.java:548)
	at org.openqa.selenium.remote.RemoteWebElement.execute(RemoteWebElement.java:276)
	at org.openqa.selenium.remote.RemoteWebElement.isDisplayed(RemoteWebElement.java:317)
	at org.openqa.selenium.support.pagefactory.internal.LocatingElementHandler.invoke(LocatingElementHandler.java:51)
	at com.sun.proxy.$Proxy8.isDisplayed(Unknown Source)
	at org.openqa.selenium.support.ui.ExpectedConditions.elementIfVisible(ExpectedConditions.java:315)
	at org.openqa.selenium.support.ui.ExpectedConditions.access$100(ExpectedConditions.java:44)
	at org.openqa.selenium.support.ui.ExpectedConditions$10.apply(ExpectedConditions.java:301)
	at org.openqa.selenium.support.ui.ExpectedConditions$10.apply(ExpectedConditions.java:298)
	at org.openqa.selenium.support.ui.FluentWait.until(FluentWait.java:260)
	at com.iBridge.pageobject.SubmitCaseInFolderSubmit.folderCaseSubmit(SubmitCaseInFolderSubmit.java:202)
	at com.iBridge.testcases.TC_SubmitCasesInBulkExtended_04.submitCaseInFolderSubmit(TC_SubmitCasesInBulkExtended_04.java:274)
... Removed 35 stack frames</pre></div><a href='#' onClick='toggleBox("stack-trace575779772", this, "Click to show all stack frames", "Click to hide stack frames")'>Click to show all stack frames</a>
<div class='stack-trace' id='stack-trace575779772'><pre>org.openqa.selenium.StaleElementReferenceException: stale element reference: element is not attached to the page document
  (Session info: chrome=101.0.4951.54)
For documentation on this error, please visit: http://seleniumhq.org/exceptions/stale_element_reference.html
Build info: version: &apos;3.14.0&apos;, revision: &apos;aacccce0&apos;, time: &apos;2018-08-02T20:19:58.91Z&apos;
System info: host: &apos;ARS-NBT-LAP-068&apos;, ip: &apos;192.168.121.30&apos;, os.name: &apos;Linux&apos;, os.arch: &apos;amd64&apos;, os.version: &apos;5.13.0-51-generic&apos;, java.version: &apos;1.8.0_312&apos;
Driver info: org.openqa.selenium.chrome.ChromeDriver
Capabilities {acceptInsecureCerts: false, browserName: chrome, browserVersion: 101.0.4951.54, chrome: {chromedriverVersion: 101.0.4951.41 (93c720db8323..., userDataDir: /tmp/.com.google.Chrome.OEEI40}, goog:chromeOptions: {debuggerAddress: localhost:32969}, javascriptEnabled: true, networkConnectionEnabled: false, pageLoadStrategy: normal, platform: LINUX, platformName: LINUX, proxy: Proxy(), setWindowRect: true, strictFileInteractability: false, timeouts: {implicit: 0, pageLoad: 300000, script: 30000}, unhandledPromptBehavior: dismiss and notify, webauthn:extension:credBlob: true, webauthn:extension:largeBlob: true, webauthn:virtualAuthenticators: true}
Session ID: bea3dfecaf1edf84495806a79cca6924
	at sun.reflect.NativeConstructorAccessorImpl.newInstance0(Native Method)
	at sun.reflect.NativeConstructorAccessorImpl.newInstance(NativeConstructorAccessorImpl.java:62)
	at sun.reflect.DelegatingConstructorAccessorImpl.newInstance(DelegatingConstructorAccessorImpl.java:45)
	at java.lang.reflect.Constructor.newInstance(Constructor.java:423)
	at org.openqa.selenium.remote.http.W3CHttpResponseCodec.createException(W3CHttpResponseCodec.java:187)
	at org.openqa.selenium.remote.http.W3CHttpResponseCodec.decode(W3CHttpResponseCodec.java:122)
	at org.openqa.selenium.remote.http.W3CHttpResponseCodec.decode(W3CHttpResponseCodec.java:49)
	at org.openqa.selenium.remote.HttpCommandExecutor.execute(HttpCommandExecutor.java:158)
	at org.openqa.selenium.remote.service.DriverCommandExecutor.execute(DriverCommandExecutor.java:83)
	at org.openqa.selenium.remote.RemoteWebDriver.execute(RemoteWebDriver.java:548)
	at org.openqa.selenium.remote.RemoteWebElement.execute(RemoteWebElement.java:276)
	at org.openqa.selenium.remote.RemoteWebElement.isDisplayed(RemoteWebElement.java:317)
	at sun.reflect.GeneratedMethodAccessor2.invoke(Unknown Source)
	at sun.reflect.DelegatingMethodAccessorImpl.invoke(DelegatingMethodAccessorImpl.java:43)
	at java.lang.reflect.Method.invoke(Method.java:498)
	at org.openqa.selenium.support.pagefactory.internal.LocatingElementHandler.invoke(LocatingElementHandler.java:51)
	at com.sun.proxy.$Proxy8.isDisplayed(Unknown Source)
	at org.openqa.selenium.support.ui.ExpectedConditions.elementIfVisible(ExpectedConditions.java:315)
	at org.openqa.selenium.support.ui.ExpectedConditions.access$100(ExpectedConditions.java:44)
	at org.openqa.selenium.support.ui.ExpectedConditions$10.apply(ExpectedConditions.java:301)
	at org.openqa.selenium.support.ui.ExpectedConditions$10.apply(ExpectedConditions.java:298)
	at org.openqa.selenium.support.ui.FluentWait.until(FluentWait.java:260)
	at com.iBridge.pageobject.SubmitCaseInFolderSubmit.folderCaseSubmit(SubmitCaseInFolderSubmit.java:202)
	at com.iBridge.testcases.TC_SubmitCasesInBulkExtended_04.submitCaseInFolderSubmit(TC_SubmitCasesInBulkExtended_04.java:274)
	at sun.reflect.NativeMethodAccessorImpl.invoke0(Native Method)
	at sun.reflect.NativeMethodAccessorImpl.invoke(NativeMethodAccessorImpl.java:62)
	at sun.reflect.DelegatingMethodAccessorImpl.invoke(DelegatingMethodAccessorImpl.java:43)
	at java.lang.reflect.Method.invoke(Method.java:498)
	at org.testng.internal.MethodInvocationHelper.invokeMethod(MethodInvocationHelper.java:124)
	at org.testng.internal.Invoker.invokeMethod(Invoker.java:583)
	at org.testng.internal.Invoker.invokeTestMethod(Invoker.java:719)
	at org.testng.internal.Invoker.invokeTestMethods(Invoker.java:989)
	at org.testng.internal.TestMethodWorker.invokeTestMethods(TestMethodWorker.java:125)
	at org.testng.internal.TestMethodWorker.run(TestMethodWorker.java:109)
	at org.testng.TestRunner.privateRun(TestRunner.java:648)
	at org.testng.TestRunner.run(TestRunner.java:505)
	at org.testng.SuiteRunner.runTest(SuiteRunner.java:455)
	at org.testng.SuiteRunner.runSequentially(SuiteRunner.java:450)
	at org.testng.SuiteRunner.privateRun(SuiteRunner.java:415)
	at org.testng.SuiteRunner.run(SuiteRunner.java:364)
	at org.testng.SuiteRunnerWorker.runSuite(SuiteRunnerWorker.java:52)
	at org.testng.SuiteRunnerWorker.run(SuiteRunnerWorker.java:84)
	at org.testng.TestNG.runSuitesSequentially(TestNG.java:1208)
	at org.testng.TestNG.runSuitesLocally(TestNG.java:1137)
	at org.testng.TestNG.runSuites(TestNG.java:1049)
	at org.testng.TestNG.run(TestNG.java:1017)
	at org.apache.maven.surefire.testng.TestNGExecutor.run(TestNGExecutor.java:295)
	at org.apache.maven.surefire.testng.TestNGXmlTestSuite.execute(TestNGXmlTestSuite.java:84)
	at org.apache.maven.surefire.testng.TestNGProvider.invoke(TestNGProvider.java:90)
	at org.apache.maven.surefire.booter.ForkedBooter.invokeProviderInSameClassLoader(ForkedBooter.java:203)
	at org.apache.maven.surefire.booter.ForkedBooter.runSuitesInProcess(ForkedBooter.java:155)
	at org.apache.maven.surefire.booter.ForkedBooter.main(ForkedBooter.java:103)
</pre></div></td>
<td>47</td>
<td>com.iBridge.testcases.TC_SubmitCasesInBulkExtended_04@3fb6a447</td></tr>
</table><p>
<table width='100%' border='1' class='invocation-passed'>
<tr><td colspan='4' align='center'><b>PASSED TESTS</b></td></tr>
<tr><td><b>Test method</b></td>
<td width="30%"><b>Exception</b></td>
<td width="10%"><b>Time (seconds)</b></td>
<td><b>Instance</b></td>
</tr>
<tr>
<td title='com.iBridge.testcases.TC_SubmitCasesInBulkExtended_04.loginBridgeAccountGetFolderCasesCount()'><b>loginBridgeAccountGetFolderCasesCount</b><br>Test class: com.iBridge.testcases.TC_SubmitCasesInBulkExtended_04</td>
<td></td>
<td>11</td>
<td>com.iBridge.testcases.TC_SubmitCasesInBulkExtended_04@3fb6a447</td></tr>
<tr>
<td title='com.iBridge.testcases.TC_SubmitCasesInBulkExtended_04.searchClientArsNoCaseQuickSubmit()'><b>searchClientArsNoCaseQuickSubmit</b><br>Test class: com.iBridge.testcases.TC_SubmitCasesInBulkExtended_04</td>
<td></td>
<td>3</td>
<td>com.iBridge.testcases.TC_SubmitCasesInBulkExtended_04@3fb6a447</td></tr>
<tr>
<td title='com.iBridge.testcases.TC_SubmitCasesInBulkExtended_04.searchExcelUploadClientArsNo()'><b>searchExcelUploadClientArsNo</b><br>Test class: com.iBridge.testcases.TC_SubmitCasesInBulkExtended_04</td>
<td></td>
<td>16</td>
<td>com.iBridge.testcases.TC_SubmitCasesInBulkExtended_04@3fb6a447</td></tr>
<tr>
<td title='com.iBridge.testcases.TC_SubmitCasesInBulkExtended_04.submitCaseInBulkExcelUpload()'><b>submitCaseInBulkExcelUpload</b><br>Test class: com.iBridge.testcases.TC_SubmitCasesInBulkExtended_04</td>
<td></td>
<td>49</td>
<td>com.iBridge.testcases.TC_SubmitCasesInBulkExtended_04@3fb6a447</td></tr>
<tr>
<td title='com.iBridge.testcases.TC_SubmitCasesInBulkExtended_04.submitCasesInBulkExtended()'><b>submitCasesInBulkExtended</b><br>Test class: com.iBridge.testcases.TC_SubmitCasesInBulkExtended_04</td>
<td></td>
<td>19</td>
<td>com.iBridge.testcases.TC_SubmitCasesInBulkExtended_04@3fb6a447</td></tr>
<tr>
<td title='com.iBridge.testcases.TC_SubmitCasesInBulkExtended_04.submitCasesInBulkQuickSubmit()'><b>submitCasesInBulkQuickSubmit</b><br>Test class: com.iBridge.testcases.TC_SubmitCasesInBulkExtended_04</td>
<td></td>
<td>29</td>
<td>com.iBridge.testcases.TC_SubmitCasesInBulkExtended_04@3fb6a447</td></tr>
<tr>
<td title='com.iBridge.testcases.TC_SubmitCasesInBulkExtended_04.submittedCasesTrackerExcelUploadWipCases()'><b>submittedCasesTrackerExcelUploadWipCases</b><br>Test class: com.iBridge.testcases.TC_SubmitCasesInBulkExtended_04</td>
<td></td>
<td>6</td>
<td>com.iBridge.testcases.TC_SubmitCasesInBulkExtended_04@3fb6a447</td></tr>
<tr>
<td title='com.iBridge.testcases.TC_SubmitCasesInBulkExtended_04.submittedCasesTrackerQuickSubmitWipCases()'><b>submittedCasesTrackerQuickSubmitWipCases</b><br>Test class: com.iBridge.testcases.TC_SubmitCasesInBulkExtended_04</td>
<td></td>
<td>6</td>
<td>com.iBridge.testcases.TC_SubmitCasesInBulkExtended_04@3fb6a447</td></tr>
<tr>
<td title='com.iBridge.testcases.TC_SubmitCasesInBulkExtended_04.submittedForVerificationExcelUpload()'><b>submittedForVerificationExcelUpload</b><br>Test class: com.iBridge.testcases.TC_SubmitCasesInBulkExtended_04</td>
<td></td>
<td>5</td>
<td>com.iBridge.testcases.TC_SubmitCasesInBulkExtended_04@3fb6a447</td></tr>
<tr>
<td title='com.iBridge.testcases.TC_SubmitCasesInBulkExtended_04.submittedForVerificationQuickSubmit()'><b>submittedForVerificationQuickSubmit</b><br>Test class: com.iBridge.testcases.TC_SubmitCasesInBulkExtended_04</td>
<td></td>
<td>23</td>
<td>com.iBridge.testcases.TC_SubmitCasesInBulkExtended_04@3fb6a447</td></tr>
</table><p>
<table width='100%' border='1' class='invocation-skipped'>
<tr><td colspan='4' align='center'><b>SKIPPED TESTS</b></td></tr>
<tr><td><b>Test method</b></td>
<td width="30%"><b>Exception</b></td>
<td width="10%"><b>Time (seconds)</b></td>
<td><b>Instance</b></td>
</tr>
<tr>
<td title='com.iBridge.testcases.TC_SubmitCasesInBulkExtended_04.verifyFolderCasesCountInBridge()'><b>verifyFolderCasesCountInBridge</b><br>Test class: com.iBridge.testcases.TC_SubmitCasesInBulkExtended_04</td>
<td><div><pre>java.lang.Throwable: Method TC_SubmitCasesInBulkExtended_04.verifyFolderCasesCountInBridge()[pri:12, instance:com.iBridge.testcases.TC_SubmitCasesInBulkExtended_04@3fb6a447] depends on not successfully finished methods
... Removed 21 stack frames</pre></div><a href='#' onClick='toggleBox("stack-trace1008934993", this, "Click to show all stack frames", "Click to hide stack frames")'>Click to show all stack frames</a>
<div class='stack-trace' id='stack-trace1008934993'><pre>java.lang.Throwable: Method TC_SubmitCasesInBulkExtended_04.verifyFolderCasesCountInBridge()[pri:12, instance:com.iBridge.testcases.TC_SubmitCasesInBulkExtended_04@3fb6a447] depends on not successfully finished methods
	at org.testng.internal.Invoker.invokeTestMethods(Invoker.java:888)
	at org.testng.internal.TestMethodWorker.invokeTestMethods(TestMethodWorker.java:125)
	at org.testng.internal.TestMethodWorker.run(TestMethodWorker.java:109)
	at org.testng.TestRunner.privateRun(TestRunner.java:648)
	at org.testng.TestRunner.run(TestRunner.java:505)
	at org.testng.SuiteRunner.runTest(SuiteRunner.java:455)
	at org.testng.SuiteRunner.runSequentially(SuiteRunner.java:450)
	at org.testng.SuiteRunner.privateRun(SuiteRunner.java:415)
	at org.testng.SuiteRunner.run(SuiteRunner.java:364)
	at org.testng.SuiteRunnerWorker.runSuite(SuiteRunnerWorker.java:52)
	at org.testng.SuiteRunnerWorker.run(SuiteRunnerWorker.java:84)
	at org.testng.TestNG.runSuitesSequentially(TestNG.java:1208)
	at org.testng.TestNG.runSuitesLocally(TestNG.java:1137)
	at org.testng.TestNG.runSuites(TestNG.java:1049)
	at org.testng.TestNG.run(TestNG.java:1017)
	at org.apache.maven.surefire.testng.TestNGExecutor.run(TestNGExecutor.java:295)
	at org.apache.maven.surefire.testng.TestNGXmlTestSuite.execute(TestNGXmlTestSuite.java:84)
	at org.apache.maven.surefire.testng.TestNGProvider.invoke(TestNGProvider.java:90)
	at org.apache.maven.surefire.booter.ForkedBooter.invokeProviderInSameClassLoader(ForkedBooter.java:203)
	at org.apache.maven.surefire.booter.ForkedBooter.runSuitesInProcess(ForkedBooter.java:155)
	at org.apache.maven.surefire.booter.ForkedBooter.main(ForkedBooter.java:103)
</pre></div></td>
<td>0</td>
<td>null</td></tr>
</table><p>
</body>
</html>