<?xml version="1.0" encoding="UTF-8"?>
<!-- Generated by org.testng.reporters.JUnitXMLReporter -->
<testsuite hostname="ARS-NBT-LAP-068" ignored="0" name="iBridge 20" tests="10" failures="1" timestamp="19 Jul 2022 06:46:48 GMT" time="515.449" errors="0">
  <testcase name="signDriveLogin" time="6.174" classname="com.signdrive.testcases.SignDrive_Approved_Test"/>
  <testcase name="initiateViaCandidate" time="21.905" classname="com.signdrive.testcases.SignDrive_Approved_Test"/>
  <testcase name="uploadCTCFile" time="15.591" classname="com.signdrive.testcases.SignDrive_Approved_Test"/>
  <testcase name="emailVerification" time="37.999" classname="com.signdrive.testcases.SignDrive_Approved_Test"/>
  <testcase name="verifyOLAcceptedByCandidate" time="153.038" classname="com.signdrive.testcases.SignDrive_Approved_Test"/>
  <testcase name="bgvLogin" time="59.021" classname="com.signdrive.testcases.SignDrive_Approved_Test"/>
  <testcase name="fillAndSumitForm" time="217.82" classname="com.signdrive.testcases.SignDrive_Approved_Test">
    <failure type="org.openqa.selenium.TimeoutException" message="Expected condition failed: waiting for visibility of Proxy element for: DefaultElementLocator &amp;apos;By.xpath: /html/body/div[2]/div/div/div[1]/div/div[2]/div/div/div/div[2]/div/div/div/div/div/div/form/div[2]/div/div/div[2]/div/div/div[1]/div/div/div[4]/div/div/div[4]/div[3]/div/select&amp;apos; (tried for 120 second(s) with 500 milliseconds interval)">
      <![CDATA[org.openqa.selenium.TimeoutException: Expected condition failed: waiting for visibility of Proxy element for: DefaultElementLocator 'By.xpath: /html/body/div[2]/div/div/div[1]/div/div[2]/div/div/div/div[2]/div/div/div/div/div/div/form/div[2]/div/div/div[2]/div/div/div[1]/div/div/div[4]/div/div/div[4]/div[3]/div/select' (tried for 120 second(s) with 500 milliseconds interval)
at org.openqa.selenium.support.ui.WebDriverWait.timeoutException(WebDriverWait.java:113)
at org.openqa.selenium.support.ui.FluentWait.until(FluentWait.java:283)
at com.signdrive.pageobject.Initiate_newcase_page.onboardingDetails(Initiate_newcase_page.java:1202)
at com.signdrive.testcases.SignDrive_Approved_Test.fillAndSumitForm(SignDrive_Approved_Test.java:191)
Caused by: org.openqa.selenium.NoSuchElementException: no such element: Unable to locate element: {"method":"xpath","selector":"/html/body/div[2]/div/div/div[1]/div/div[2]/div/div/div/div[2]/div/div/div/div/div/div/form/div[2]/div/div/div[2]/div/div/div[1]/div/div/div[4]/div/div/div[4]/div[3]/div/select"}
  (Session info: chrome=101.0.4951.54)
For documentation on this error, please visit: http://seleniumhq.org/exceptions/no_such_element.html
Build info: version: '3.14.0', revision: 'aacccce0', time: '2018-08-02T20:19:58.91Z'
System info: host: 'ARS-NBT-LAP-068', ip: '192.168.1.5', os.name: 'Linux', os.arch: 'amd64', os.version: '5.13.0-51-generic', java.version: '1.8.0_312'
Driver info: org.openqa.selenium.chrome.ChromeDriver
Capabilities {acceptInsecureCerts: false, browserName: chrome, browserVersion: 101.0.4951.54, chrome: {chromedriverVersion: 101.0.4951.41 (93c720db8323..., userDataDir: /tmp/.com.google.Chrome.VfbYCg}, goog:chromeOptions: {debuggerAddress: localhost:43151}, javascriptEnabled: true, networkConnectionEnabled: false, pageLoadStrategy: normal, platform: LINUX, platformName: LINUX, proxy: Proxy(), setWindowRect: true, strictFileInteractability: false, timeouts: {implicit: 0, pageLoad: 300000, script: 30000}, unhandledPromptBehavior: dismiss and notify, webauthn:extension:credBlob: true, webauthn:extension:largeBlob: true, webauthn:virtualAuthenticators: true}
Session ID: 0f7ff035a58e0c1b8716cbeb51f6fb72
*** Element info: {Using=xpath, value=/html/body/div[2]/div/div/div[1]/div/div[2]/div/div/div/div[2]/div/div/div/div/div/div/form/div[2]/div/div/div[2]/div/div/div[1]/div/div/div[4]/div/div/div[4]/div[3]/div/select}
at org.openqa.selenium.remote.http.W3CHttpResponseCodec.createException(W3CHttpResponseCodec.java:187)
at org.openqa.selenium.remote.http.W3CHttpResponseCodec.decode(W3CHttpResponseCodec.java:122)
at org.openqa.selenium.remote.http.W3CHttpResponseCodec.decode(W3CHttpResponseCodec.java:49)
at org.openqa.selenium.remote.HttpCommandExecutor.execute(HttpCommandExecutor.java:158)
at org.openqa.selenium.remote.service.DriverCommandExecutor.execute(DriverCommandExecutor.java:83)
at org.openqa.selenium.remote.RemoteWebDriver.execute(RemoteWebDriver.java:548)
at org.openqa.selenium.remote.RemoteWebDriver.findElement(RemoteWebDriver.java:322)
at org.openqa.selenium.remote.RemoteWebDriver.findElementByXPath(RemoteWebDriver.java:424)
at org.openqa.selenium.By$ByXPath.findElement(By.java:353)
at org.openqa.selenium.remote.RemoteWebDriver.findElement(RemoteWebDriver.java:314)
at org.openqa.selenium.support.pagefactory.DefaultElementLocator.findElement(DefaultElementLocator.java:69)
at org.openqa.selenium.support.pagefactory.internal.LocatingElementHandler.invoke(LocatingElementHandler.java:38)
at com.sun.proxy.$Proxy8.isDisplayed(Unknown Source)
at org.openqa.selenium.support.ui.ExpectedConditions.elementIfVisible(ExpectedConditions.java:315)
at org.openqa.selenium.support.ui.ExpectedConditions.access$100(ExpectedConditions.java:44)
at org.openqa.selenium.support.ui.ExpectedConditions$10.apply(ExpectedConditions.java:301)
at org.openqa.selenium.support.ui.ExpectedConditions$10.apply(ExpectedConditions.java:298)
at org.openqa.selenium.support.ui.FluentWait.until(FluentWait.java:260)
... 30 more
... Removed 32 stack frames]]>
    </failure>
  </testcase> <!-- fillAndSumitForm -->
  <testcase name="pendingSignOffBucket" time="0.0" classname="com.signdrive.testcases.SignDrive_Approved_Test">
    <skipped/>
  </testcase> <!-- pendingSignOffBucket -->
  <testcase name="verifyInstaform" time="0.0" classname="com.signdrive.testcases.SignDrive_Approved_Test">
    <skipped/>
  </testcase> <!-- verifyInstaform -->
  <testcase name="instaform" time="0.0" classname="com.signdrive.testcases.SignDrive_Approved_Test">
    <skipped/>
  </testcase> <!-- instaform -->
</testsuite> <!-- iBridge 20 -->
