<?xml version="1.0" encoding="UTF-8"?>
<!-- Generated by org.testng.reporters.JUnitXMLReporter -->
<testsuite hostname="ARS-NBT-LAP-068" ignored="0" name="iBridge14" tests="7" failures="1" timestamp="20 Jul 2022 12:30:14 GMT" time="388.56" errors="0">
  <testcase name="checksSummaryClosedByClient" time="272.335" classname="com.iBridge.sme.testcases.TC_CaseCompletionSme_01"/>
  <testcase name="educationWCheckCloseVerification" time="113.864" classname="com.iBridge.sme.testcases.TC_CaseCompletionSme_01">
    <failure type="org.openqa.selenium.NoSuchElementException" message="no such element: Unable to locate element: {&amp;quot;method&amp;quot;:&amp;quot;xpath&amp;quot;,&amp;quot;selector&amp;quot;:&amp;quot;//input[@id=&amp;apos;Save_Data&amp;apos;]&amp;quot;}
  (Session info: chrome=101.0.4951.54)
For documentation on this error, please visit: http://seleniumhq.org/exceptions/no_such_element.html
Build info: version: &amp;apos;3.14.0&amp;apos;, revision: &amp;apos;aacccce0&amp;apos;, time: &amp;apos;2018-08-02T20:19:58.91Z&amp;apos;
System info: host: &amp;apos;ARS-NBT-LAP-068&amp;apos;, ip: &amp;apos;192.168.1.5&amp;apos;, os.name: &amp;apos;Linux&amp;apos;, os.arch: &amp;apos;amd64&amp;apos;, os.version: &amp;apos;5.13.0-51-generic&amp;apos;, java.version: &amp;apos;1.8.0_312&amp;apos;
Driver info: org.openqa.selenium.chrome.ChromeDriver
Capabilities {acceptInsecureCerts: false, browserName: chrome, browserVersion: 101.0.4951.54, chrome: {chromedriverVersion: 101.0.4951.41 (93c720db8323..., userDataDir: /tmp/.com.google.Chrome.arwfKJ}, goog:chromeOptions: {debuggerAddress: localhost:38919}, javascriptEnabled: true, networkConnectionEnabled: false, pageLoadStrategy: normal, platform: LINUX, platformName: LINUX, proxy: Proxy(), setWindowRect: true, strictFileInteractability: false, timeouts: {implicit: 0, pageLoad: 300000, script: 30000}, unhandledPromptBehavior: dismiss and notify, webauthn:extension:credBlob: true, webauthn:extension:largeBlob: true, webauthn:virtualAuthenticators: true}
Session ID: dfc1f92cba0c3fcad6ab2ac62b1a75f4
*** Element info: {Using=xpath, value=//input[@id=&amp;apos;Save_Data&amp;apos;]}">
      <![CDATA[org.openqa.selenium.NoSuchElementException: no such element: Unable to locate element: {"method":"xpath","selector":"//input[@id='Save_Data']"}
  (Session info: chrome=101.0.4951.54)
For documentation on this error, please visit: http://seleniumhq.org/exceptions/no_such_element.html
Build info: version: '3.14.0', revision: 'aacccce0', time: '2018-08-02T20:19:58.91Z'
System info: host: 'ARS-NBT-LAP-068', ip: '192.168.1.5', os.name: 'Linux', os.arch: 'amd64', os.version: '5.13.0-51-generic', java.version: '1.8.0_312'
Driver info: org.openqa.selenium.chrome.ChromeDriver
Capabilities {acceptInsecureCerts: false, browserName: chrome, browserVersion: 101.0.4951.54, chrome: {chromedriverVersion: 101.0.4951.41 (93c720db8323..., userDataDir: /tmp/.com.google.Chrome.arwfKJ}, goog:chromeOptions: {debuggerAddress: localhost:38919}, javascriptEnabled: true, networkConnectionEnabled: false, pageLoadStrategy: normal, platform: LINUX, platformName: LINUX, proxy: Proxy(), setWindowRect: true, strictFileInteractability: false, timeouts: {implicit: 0, pageLoad: 300000, script: 30000}, unhandledPromptBehavior: dismiss and notify, webauthn:extension:credBlob: true, webauthn:extension:largeBlob: true, webauthn:virtualAuthenticators: true}
Session ID: dfc1f92cba0c3fcad6ab2ac62b1a75f4
*** Element info: {Using=xpath, value=//input[@id='Save_Data']}
at org.openqa.selenium.remote.http.W3CHttpResponseCodec.createException(W3CHttpResponseCodec.java:187)
at org.openqa.selenium.remote.http.W3CHttpResponseCodec.decode(W3CHttpResponseCodec.java:122)
at org.openqa.selenium.remote.http.W3CHttpResponseCodec.decode(W3CHttpResponseCodec.java:49)
at org.openqa.selenium.remote.HttpCommandExecutor.execute(HttpCommandExecutor.java:158)
at org.openqa.selenium.remote.service.DriverCommandExecutor.execute(DriverCommandExecutor.java:83)
at org.openqa.selenium.remote.RemoteWebDriver.execute(RemoteWebDriver.java:548)
at org.openqa.selenium.remote.RemoteWebDriver.findElement(RemoteWebDriver.java:322)
at org.openqa.selenium.remote.RemoteWebDriver.findElementByXPath(RemoteWebDriver.java:424)
at org.openqa.selenium.By$ByXPath.findElement(By.java:353)
at org.openqa.selenium.remote.RemoteWebDriver.findElement(RemoteWebDriver.java:314)
at org.openqa.selenium.support.pagefactory.DefaultElementLocator.findElement(DefaultElementLocator.java:69)
at org.openqa.selenium.support.pagefactory.internal.LocatingElementHandler.invoke(LocatingElementHandler.java:38)
at com.sun.proxy.$Proxy8.getWrappedElement(Unknown Source)
at org.openqa.selenium.remote.internal.WebElementToJsonConverter.apply(WebElementToJsonConverter.java:50)
at java.util.stream.ReferencePipeline$3$1.accept(ReferencePipeline.java:193)
at java.util.Spliterators$ArraySpliterator.forEachRemaining(Spliterators.java:948)
at java.util.stream.AbstractPipeline.copyInto(AbstractPipeline.java:482)
at java.util.stream.AbstractPipeline.wrapAndCopyInto(AbstractPipeline.java:472)
at java.util.stream.ReduceOps$ReduceOp.evaluateSequential(ReduceOps.java:708)
at java.util.stream.AbstractPipeline.evaluate(AbstractPipeline.java:234)
at java.util.stream.ReferencePipeline.collect(ReferencePipeline.java:566)
at org.openqa.selenium.remote.RemoteWebDriver.executeScript(RemoteWebDriver.java:480)
at com.iBridge.sme.pageobject.CaseCompletionSme.currentAddressVerificationCheck(CaseCompletionSme.java:1782)
at com.iBridge.sme.testcases.TC_CaseCompletionSme_01.educationWCheckCloseVerification(TC_CaseCompletionSme_01.java:70)
... Removed 32 stack frames]]>
    </failure>
  </testcase> <!-- educationWCheckCloseVerification -->
  <testcase name="verificationQualityAllocator" time="0.0" classname="com.iBridge.sme.testcases.TC_CaseCompletionSme_01">
    <skipped/>
  </testcase> <!-- verificationQualityAllocator -->
  <testcase name="verificationQualityReleasedForReport" time="0.0" classname="com.iBridge.sme.testcases.TC_CaseCompletionSme_01">
    <skipped/>
  </testcase> <!-- verificationQualityReleasedForReport -->
  <testcase name="verificationQualityAllocatorForReport" time="0.0" classname="com.iBridge.sme.testcases.TC_CaseCompletionSme_01">
    <skipped/>
  </testcase> <!-- verificationQualityAllocatorForReport -->
  <testcase name="verifyReportsManager" time="0.0" classname="com.iBridge.sme.testcases.TC_CaseCompletionSme_01">
    <skipped/>
  </testcase> <!-- verifyReportsManager -->
  <testcase name="generateCaseReportPdf" time="0.0" classname="com.iBridge.sme.testcases.TC_CaseCompletionSme_01">
    <skipped/>
  </testcase> <!-- generateCaseReportPdf -->
</testsuite> <!-- iBridge14 -->
