<?xml version="1.0" encoding="UTF-8"?>
<!-- Generated by org.testng.reporters.JUnitXMLReporter -->
<testsuite hostname="ARS-NBT-LAP-068" ignored="0" name="iBridge9" tests="12" failures="1" timestamp="06 Jul 2022 06:49:57 GMT" time="237.2" errors="0">
  <testcase name="submitCasesInBulkExtended" time="19.548" classname="com.iBridge.testcases.TC_SubmitCasesInBulkExtended_04"/>
  <testcase name="submitCaseInBulkExcelUpload" time="49.327" classname="com.iBridge.testcases.TC_SubmitCasesInBulkExtended_04"/>
  <testcase name="submittedForVerificationExcelUpload" time="5.93" classname="com.iBridge.testcases.TC_SubmitCasesInBulkExtended_04"/>
  <testcase name="submittedCasesTrackerExcelUploadWipCases" time="6.478" classname="com.iBridge.testcases.TC_SubmitCasesInBulkExtended_04"/>
  <testcase name="searchExcelUploadClientArsNo" time="16.07" classname="com.iBridge.testcases.TC_SubmitCasesInBulkExtended_04"/>
  <testcase name="submitCasesInBulkQuickSubmit" time="29.953" classname="com.iBridge.testcases.TC_SubmitCasesInBulkExtended_04"/>
  <testcase name="submittedForVerificationQuickSubmit" time="23.817" classname="com.iBridge.testcases.TC_SubmitCasesInBulkExtended_04"/>
  <testcase name="submittedCasesTrackerQuickSubmitWipCases" time="6.098" classname="com.iBridge.testcases.TC_SubmitCasesInBulkExtended_04"/>
  <testcase name="searchClientArsNoCaseQuickSubmit" time="3.573" classname="com.iBridge.testcases.TC_SubmitCasesInBulkExtended_04"/>
  <testcase name="loginBridgeAccountGetFolderCasesCount" time="11.926" classname="com.iBridge.testcases.TC_SubmitCasesInBulkExtended_04"/>
  <testcase name="submitCaseInFolderSubmit" time="47.489" classname="com.iBridge.testcases.TC_SubmitCasesInBulkExtended_04">
    <failure type="org.openqa.selenium.StaleElementReferenceException" message="stale element reference: element is not attached to the page document
  (Session info: chrome=101.0.4951.54)
For documentation on this error, please visit: http://seleniumhq.org/exceptions/stale_element_reference.html
Build info: version: &amp;apos;3.14.0&amp;apos;, revision: &amp;apos;aacccce0&amp;apos;, time: &amp;apos;2018-08-02T20:19:58.91Z&amp;apos;
System info: host: &amp;apos;ARS-NBT-LAP-068&amp;apos;, ip: &amp;apos;192.168.121.30&amp;apos;, os.name: &amp;apos;Linux&amp;apos;, os.arch: &amp;apos;amd64&amp;apos;, os.version: &amp;apos;5.13.0-51-generic&amp;apos;, java.version: &amp;apos;1.8.0_312&amp;apos;
Driver info: org.openqa.selenium.chrome.ChromeDriver
Capabilities {acceptInsecureCerts: false, browserName: chrome, browserVersion: 101.0.4951.54, chrome: {chromedriverVersion: 101.0.4951.41 (93c720db8323..., userDataDir: /tmp/.com.google.Chrome.OEEI40}, goog:chromeOptions: {debuggerAddress: localhost:32969}, javascriptEnabled: true, networkConnectionEnabled: false, pageLoadStrategy: normal, platform: LINUX, platformName: LINUX, proxy: Proxy(), setWindowRect: true, strictFileInteractability: false, timeouts: {implicit: 0, pageLoad: 300000, script: 30000}, unhandledPromptBehavior: dismiss and notify, webauthn:extension:credBlob: true, webauthn:extension:largeBlob: true, webauthn:virtualAuthenticators: true}
Session ID: bea3dfecaf1edf84495806a79cca6924">
      <![CDATA[org.openqa.selenium.StaleElementReferenceException: stale element reference: element is not attached to the page document
  (Session info: chrome=101.0.4951.54)
For documentation on this error, please visit: http://seleniumhq.org/exceptions/stale_element_reference.html
Build info: version: '3.14.0', revision: 'aacccce0', time: '2018-08-02T20:19:58.91Z'
System info: host: 'ARS-NBT-LAP-068', ip: '192.168.121.30', os.name: 'Linux', os.arch: 'amd64', os.version: '5.13.0-51-generic', java.version: '1.8.0_312'
Driver info: org.openqa.selenium.chrome.ChromeDriver
Capabilities {acceptInsecureCerts: false, browserName: chrome, browserVersion: 101.0.4951.54, chrome: {chromedriverVersion: 101.0.4951.41 (93c720db8323..., userDataDir: /tmp/.com.google.Chrome.OEEI40}, goog:chromeOptions: {debuggerAddress: localhost:32969}, javascriptEnabled: true, networkConnectionEnabled: false, pageLoadStrategy: normal, platform: LINUX, platformName: LINUX, proxy: Proxy(), setWindowRect: true, strictFileInteractability: false, timeouts: {implicit: 0, pageLoad: 300000, script: 30000}, unhandledPromptBehavior: dismiss and notify, webauthn:extension:credBlob: true, webauthn:extension:largeBlob: true, webauthn:virtualAuthenticators: true}
Session ID: bea3dfecaf1edf84495806a79cca6924
at org.openqa.selenium.remote.http.W3CHttpResponseCodec.createException(W3CHttpResponseCodec.java:187)
at org.openqa.selenium.remote.http.W3CHttpResponseCodec.decode(W3CHttpResponseCodec.java:122)
at org.openqa.selenium.remote.http.W3CHttpResponseCodec.decode(W3CHttpResponseCodec.java:49)
at org.openqa.selenium.remote.HttpCommandExecutor.execute(HttpCommandExecutor.java:158)
at org.openqa.selenium.remote.service.DriverCommandExecutor.execute(DriverCommandExecutor.java:83)
at org.openqa.selenium.remote.RemoteWebDriver.execute(RemoteWebDriver.java:548)
at org.openqa.selenium.remote.RemoteWebElement.execute(RemoteWebElement.java:276)
at org.openqa.selenium.remote.RemoteWebElement.isDisplayed(RemoteWebElement.java:317)
at org.openqa.selenium.support.pagefactory.internal.LocatingElementHandler.invoke(LocatingElementHandler.java:51)
at com.sun.proxy.$Proxy8.isDisplayed(Unknown Source)
at org.openqa.selenium.support.ui.ExpectedConditions.elementIfVisible(ExpectedConditions.java:315)
at org.openqa.selenium.support.ui.ExpectedConditions.access$100(ExpectedConditions.java:44)
at org.openqa.selenium.support.ui.ExpectedConditions$10.apply(ExpectedConditions.java:301)
at org.openqa.selenium.support.ui.ExpectedConditions$10.apply(ExpectedConditions.java:298)
at org.openqa.selenium.support.ui.FluentWait.until(FluentWait.java:260)
at com.iBridge.pageobject.SubmitCaseInFolderSubmit.folderCaseSubmit(SubmitCaseInFolderSubmit.java:202)
at com.iBridge.testcases.TC_SubmitCasesInBulkExtended_04.submitCaseInFolderSubmit(TC_SubmitCasesInBulkExtended_04.java:274)
... Removed 35 stack frames]]>
    </failure>
  </testcase> <!-- submitCaseInFolderSubmit -->
  <testcase name="verifyFolderCasesCountInBridge" time="0.0" classname="com.iBridge.testcases.TC_SubmitCasesInBulkExtended_04">
    <skipped/>
  </testcase> <!-- verifyFolderCasesCountInBridge -->
</testsuite> <!-- iBridge9 -->
