<!DOCTYPE html PUBLIC "-//W3C//DTD XHTML 1.1//EN" "http://www.w3.org/TR/xhtml11/DTD/xhtml11.dtd">
<html xmlns="http://www.w3.org/1999/xhtml">
<head>
<meta http-equiv="content-type" content="text/html; charset=UTF-8"/>
<title>TestNG Report</title>
<style type="text/css">table {margin-bottom:10px;border-collapse:collapse;empty-cells:show}th,td {border:1px solid #009;padding:.25em .5em}th {vertical-align:bottom}td {vertical-align:top}table a {font-weight:bold}.stripe td {background-color: #E6EBF9}.num {text-align:right}.passedodd td {background-color: #3F3}.passedeven td {background-color: #0A0}.skippedodd td {background-color: #DDD}.skippedeven td {background-color: #CCC}.failedodd td,.attn {background-color: #F33}.failedeven td,.stripe .attn {background-color: #D00}.stacktrace {white-space:pre;font-family:monospace}.totop {font-size:85%;text-align:center;border-bottom:2px solid #000}.invisible {display:none}</style>
</head>
<body>
<table>
<tr><th>Test</th><th># Passed</th><th># Skipped</th><th># Failed</th><th>Time (ms)</th><th>Included Groups</th><th>Excluded Groups</th></tr>
<tr><th colspan="7">iBridge</th></tr>
<tr><td><a href="#t0">iBridge14</a></td><td class="num">3</td><td class="num attn">2</td><td class="num attn">2</td><td class="num">137,918</td><td></td><td></td></tr>
</table>
<table id='summary'><thead><tr><th>Class</th><th>Method</th><th>Start</th><th>Time (ms)</th></tr></thead><tbody><tr><th colspan="4">iBridge</th></tr></tbody><tbody id="t0"><tr><th colspan="4">iBridge14 &#8212; failed</th></tr><tr class="failedeven"><td rowspan="2">com.iBridge.sme.testcases.TC_CaseCompletionSme_01</td><td><a href="#m0">verificationQualityReleasedForReport</a></td><td rowspan="1">1655731006956</td><td rowspan="1">11572</td></tr><tr class="failedeven"><td><a href="#m1">verifyReportsManager</a></td><td rowspan="1">1655731018536</td><td rowspan="1">79293</td></tr><tr><th colspan="4">iBridge14 &#8212; skipped</th></tr><tr class="skippedeven"><td rowspan="2">com.iBridge.sme.testcases.TC_CaseCompletionSme_01</td><td><a href="#m2">generateCaseReportPdf</a></td><td rowspan="1">1655731097832</td><td rowspan="1">0</td></tr><tr class="skippedeven"><td><a href="#m3">verificationQualityAllocatorForReport</a></td><td rowspan="1">1655731097831</td><td rowspan="1">0</td></tr><tr><th colspan="4">iBridge14 &#8212; passed</th></tr><tr class="passedeven"><td rowspan="3">com.iBridge.sme.testcases.TC_CaseCompletionSme_01</td><td><a href="#m4">checksSummaryClosedByClient</a></td><td rowspan="1">1655730967372</td><td rowspan="1">17756</td></tr><tr class="passedeven"><td><a href="#m5">educationWCheckCloseVerification</a></td><td rowspan="1">1655730985141</td><td rowspan="1">938</td></tr><tr class="passedeven"><td><a href="#m6">verificationQualityAllocator</a></td><td rowspan="1">1655730986080</td><td rowspan="1">20875</td></tr></tbody>
</table>
<h2>iBridge14</h2><h3 id="m0">com.iBridge.sme.testcases.TC_CaseCompletionSme_01#verificationQualityReleasedForReport</h3><table class="result"><tr><th>Exception</th></tr><tr><td><div class="stacktrace">org.openqa.selenium.NoSuchElementException: Cannot locate option with index: 2
For documentation on this error, please visit: http://seleniumhq.org/exceptions/no_such_element.html
Build info: version: &apos;3.14.0&apos;, revision: &apos;aacccce0&apos;, time: &apos;2018-08-02T20:19:58.91Z&apos;
System info: host: &apos;ARS-NBT-LAP-068&apos;, ip: &apos;192.168.67.30&apos;, os.name: &apos;Linux&apos;, os.arch: &apos;amd64&apos;, os.version: &apos;5.13.0-44-generic&apos;, java.version: &apos;1.8.0_312&apos;
Driver info: driver.version: unknown
	at org.openqa.selenium.support.ui.Select.selectByIndex(Select.java:183)
	at com.iBridge.sme.pageobject.CaseCompletionSme.superAdminVerificationQuality(CaseCompletionSme.java:1768)
	at com.iBridge.sme.testcases.TC_CaseCompletionSme_01.verificationQualityReleasedForReport(TC_CaseCompletionSme_01.java:117)
... Removed 28 stack frames</div></td></tr></table><p class="totop"><a href="#summary">back to summary</a></p>
<h3 id="m1">com.iBridge.sme.testcases.TC_CaseCompletionSme_01#verifyReportsManager</h3><table class="result"><tr><th>Exception</th></tr><tr><td><div class="stacktrace">org.openqa.selenium.NoSuchElementException: no such element: Unable to locate element: {&quot;method&quot;:&quot;xpath&quot;,&quot;selector&quot;:&quot;/html[1]/body[1]/div[1]/div[2]/div[1]/div[1]/div[8]/div[3]/div[1]/div[1]/form[1]/div[2]/div[2]/div[5]/button[1]&quot;}
  (Session info: chrome=101.0.4951.54)
For documentation on this error, please visit: http://seleniumhq.org/exceptions/no_such_element.html
Build info: version: &apos;3.14.0&apos;, revision: &apos;aacccce0&apos;, time: &apos;2018-08-02T20:19:58.91Z&apos;
System info: host: &apos;ARS-NBT-LAP-068&apos;, ip: &apos;192.168.67.30&apos;, os.name: &apos;Linux&apos;, os.arch: &apos;amd64&apos;, os.version: &apos;5.13.0-44-generic&apos;, java.version: &apos;1.8.0_312&apos;
Driver info: org.openqa.selenium.chrome.ChromeDriver
Capabilities {acceptInsecureCerts: false, browserName: chrome, browserVersion: 101.0.4951.54, chrome: {chromedriverVersion: 101.0.4951.41 (93c720db8323..., userDataDir: /tmp/.com.google.Chrome.JmJe6E}, goog:chromeOptions: {debuggerAddress: localhost:41609}, javascriptEnabled: true, networkConnectionEnabled: false, pageLoadStrategy: normal, platform: LINUX, platformName: LINUX, proxy: Proxy(), setWindowRect: true, strictFileInteractability: false, timeouts: {implicit: 0, pageLoad: 300000, script: 30000}, unhandledPromptBehavior: dismiss and notify, webauthn:extension:credBlob: true, webauthn:extension:largeBlob: true, webauthn:virtualAuthenticators: true}
Session ID: abc7ad4c64a45b6e378e8492dd6762ca
*** Element info: {Using=xpath, value=/html[1]/body[1]/div[1]/div[2]/div[1]/div[1]/div[8]/div[3]/div[1]/div[1]/form[1]/div[2]/div[2]/div[5]/button[1]}
	at org.openqa.selenium.remote.http.W3CHttpResponseCodec.createException(W3CHttpResponseCodec.java:187)
	at org.openqa.selenium.remote.http.W3CHttpResponseCodec.decode(W3CHttpResponseCodec.java:122)
	at org.openqa.selenium.remote.http.W3CHttpResponseCodec.decode(W3CHttpResponseCodec.java:49)
	at org.openqa.selenium.remote.HttpCommandExecutor.execute(HttpCommandExecutor.java:158)
	at org.openqa.selenium.remote.service.DriverCommandExecutor.execute(DriverCommandExecutor.java:83)
	at org.openqa.selenium.remote.RemoteWebDriver.execute(RemoteWebDriver.java:548)
	at org.openqa.selenium.remote.RemoteWebDriver.findElement(RemoteWebDriver.java:322)
	at org.openqa.selenium.remote.RemoteWebDriver.findElementByXPath(RemoteWebDriver.java:424)
	at org.openqa.selenium.By$ByXPath.findElement(By.java:353)
	at org.openqa.selenium.remote.RemoteWebDriver.findElement(RemoteWebDriver.java:314)
	at org.openqa.selenium.support.pagefactory.DefaultElementLocator.findElement(DefaultElementLocator.java:69)
	at org.openqa.selenium.support.pagefactory.internal.LocatingElementHandler.invoke(LocatingElementHandler.java:38)
	at com.sun.proxy.$Proxy8.getWrappedElement(Unknown Source)
	at org.openqa.selenium.remote.internal.WebElementToJsonConverter.apply(WebElementToJsonConverter.java:50)
	at java.util.stream.ReferencePipeline$3$1.accept(ReferencePipeline.java:193)
	at java.util.Spliterators$ArraySpliterator.forEachRemaining(Spliterators.java:948)
	at java.util.stream.AbstractPipeline.copyInto(AbstractPipeline.java:482)
	at java.util.stream.AbstractPipeline.wrapAndCopyInto(AbstractPipeline.java:472)
	at java.util.stream.ReduceOps$ReduceOp.evaluateSequential(ReduceOps.java:708)
	at java.util.stream.AbstractPipeline.evaluate(AbstractPipeline.java:234)
	at java.util.stream.ReferencePipeline.collect(ReferencePipeline.java:566)
	at org.openqa.selenium.remote.RemoteWebDriver.executeScript(RemoteWebDriver.java:480)
	at com.iBridge.sme.pageobject.CaseCompletionSme.superAdminReportManager(CaseCompletionSme.java:1907)
	at com.iBridge.sme.testcases.TC_CaseCompletionSme_01.verifyReportsManager(TC_CaseCompletionSme_01.java:161)
... Removed 32 stack frames</div></td></tr></table><p class="totop"><a href="#summary">back to summary</a></p>
<h3 id="m2">com.iBridge.sme.testcases.TC_CaseCompletionSme_01#generateCaseReportPdf</h3><table class="result"><tr><th>Exception</th></tr><tr><td><div class="stacktrace">java.lang.Throwable: Method TC_CaseCompletionSme_01.generateCaseReportPdf()[pri:5, instance:com.iBridge.sme.testcases.TC_CaseCompletionSme_01@3cda1055] depends on not successfully finished methods
... Removed 21 stack frames</div></td></tr></table><p class="totop"><a href="#summary">back to summary</a></p>
<h3 id="m3">com.iBridge.sme.testcases.TC_CaseCompletionSme_01#verificationQualityAllocatorForReport</h3><table class="result"><tr><th>Exception</th></tr><tr><td><div class="stacktrace">java.lang.Throwable: Method TC_CaseCompletionSme_01.verificationQualityAllocatorForReport()[pri:5, instance:com.iBridge.sme.testcases.TC_CaseCompletionSme_01@3cda1055] depends on not successfully finished methods
... Removed 21 stack frames</div></td></tr></table><p class="totop"><a href="#summary">back to summary</a></p>
<h3 id="m4">com.iBridge.sme.testcases.TC_CaseCompletionSme_01#checksSummaryClosedByClient</h3><table class="result"><tr><th class="invisible"/></tr></table><p class="totop"><a href="#summary">back to summary</a></p>
<h3 id="m5">com.iBridge.sme.testcases.TC_CaseCompletionSme_01#educationWCheckCloseVerification</h3><table class="result"><tr><th class="invisible"/></tr></table><p class="totop"><a href="#summary">back to summary</a></p>
<h3 id="m6">com.iBridge.sme.testcases.TC_CaseCompletionSme_01#verificationQualityAllocator</h3><table class="result"><tr><th class="invisible"/></tr></table><p class="totop"><a href="#summary">back to summary</a></p>
</body>
</html>
