<?xml version="1.0" encoding="UTF-8"?>
<!-- Generated by org.testng.reporters.JUnitReportReporter -->
<testsuite skipped="2" hostname="ARS-NBT-LAP-068" name="com.iBridge.testcases.TC_InsufficientBridge_01" tests="17" failures="0" timestamp="06 Jul 2022 12:44:13 GMT" time="415.062" errors="1">
  <testcase name="verifyInsufficientVerifier" time="34.911" classname="com.iBridge.testcases.TC_InsufficientBridge_01"/>
  <testcase name="verifyInsufficientpendingForFulfilment" time="25.173" classname="com.iBridge.testcases.TC_InsufficientBridge_01"/>
  <testcase name="verifyInsufficiencyFulfillment" time="14.283" classname="com.iBridge.testcases.TC_InsufficientBridge_01"/>
  <testcase name="verifyInsufficientCasesPresentOrNot" time="10.573" classname="com.iBridge.testcases.TC_InsufficientBridge_01"/>
  <testcase name="verifyInsufficientVerifierPanCheck" time="29.597" classname="com.iBridge.testcases.TC_InsufficientBridge_01"/>
  <testcase name="verifyInsufficientpendingForPanNumberFulfilment" time="11.998" classname="com.iBridge.testcases.TC_InsufficientBridge_01"/>
  <testcase name="verifyInsufficiencyPartiallyApproveFulfillment" time="13.300" classname="com.iBridge.testcases.TC_InsufficientBridge_01"/>
  <testcase name="verifyInsufficientPartiallyApproveCasesPresentOrNot" time="10.361" classname="com.iBridge.testcases.TC_InsufficientBridge_01"/>
  <testcase name="verifyInsufficientVerifierIndianDatabaseCheck" time="22.118" classname="com.iBridge.testcases.TC_InsufficientBridge_01"/>
  <testcase name="verifyInsufficientpendingForIndianDatabaseFulfilment" time="12.743" classname="com.iBridge.testcases.TC_InsufficientBridge_01"/>
  <testcase name="verifyInsufficiencyRejectedFulfillment" time="14.848" classname="com.iBridge.testcases.TC_InsufficientBridge_01"/>
  <testcase name="verifyInsufficientRejectedCasesPresentOrNot" time="11.982" classname="com.iBridge.testcases.TC_InsufficientBridge_01"/>
  <testcase name="verifyRoutedToCandidate" time="12.356" classname="com.iBridge.testcases.TC_InsufficientBridge_01"/>
  <testcase name="verifyGetRouteToCandidateUserNameAndPassword" time="4.362" classname="com.iBridge.testcases.TC_InsufficientBridge_01"/>
  <testcase name="verifyRouteToCandidateDetails" time="186.457" classname="com.iBridge.testcases.TC_InsufficientBridge_01">
    <error type="org.openqa.selenium.TimeoutException" message="Expected condition failed: waiting for visibility of Proxy element for: DefaultElementLocator &#039;By.xpath: /html/body/div[2]/div/div[1]/div/div[3]/div/div/div/div[2]/div/div/div[1]/div[1]/div/div/div[3]/form/div[2]/div/div[1]/div[2]/div/textarea&#039; (tried for 60 second(s) with 500 milliseconds interval)">
      <![CDATA[org.openqa.selenium.TimeoutException: Expected condition failed: waiting for visibility of Proxy element for: DefaultElementLocator 'By.xpath: /html/body/div[2]/div/div[1]/div/div[3]/div/div/div/div[2]/div/div/div[1]/div[1]/div/div/div[3]/form/div[2]/div/div[1]/div[2]/div/textarea' (tried for 60 second(s) with 500 milliseconds interval)
at org.openqa.selenium.support.ui.WebDriverWait.timeoutException(WebDriverWait.java:113)
at org.openqa.selenium.support.ui.FluentWait.until(FluentWait.java:283)
at com.iBridge.pageobject.InsufficientiBridge.fullfilInsuffRouteToCandidate(InsufficientiBridge.java:650)
at com.iBridge.testcases.TC_InsufficientBridge_01.verifyRouteToCandidateDetails(TC_InsufficientBridge_01.java:354)
at sun.reflect.NativeMethodAccessorImpl.invoke0(Native Method)
at sun.reflect.NativeMethodAccessorImpl.invoke(NativeMethodAccessorImpl.java:62)
at sun.reflect.DelegatingMethodAccessorImpl.invoke(DelegatingMethodAccessorImpl.java:43)
at java.lang.reflect.Method.invoke(Method.java:498)
at org.testng.internal.MethodInvocationHelper.invokeMethod(MethodInvocationHelper.java:124)
at org.testng.internal.Invoker.invokeMethod(Invoker.java:583)
at org.testng.internal.Invoker.invokeTestMethod(Invoker.java:719)
at org.testng.internal.Invoker.invokeTestMethods(Invoker.java:989)
at org.testng.internal.TestMethodWorker.invokeTestMethods(TestMethodWorker.java:125)
at org.testng.internal.TestMethodWorker.run(TestMethodWorker.java:109)
at org.testng.TestRunner.privateRun(TestRunner.java:648)
at org.testng.TestRunner.run(TestRunner.java:505)
at org.testng.SuiteRunner.runTest(SuiteRunner.java:455)
at org.testng.SuiteRunner.runSequentially(SuiteRunner.java:450)
at org.testng.SuiteRunner.privateRun(SuiteRunner.java:415)
at org.testng.SuiteRunner.run(SuiteRunner.java:364)
at org.testng.SuiteRunnerWorker.runSuite(SuiteRunnerWorker.java:52)
at org.testng.SuiteRunnerWorker.run(SuiteRunnerWorker.java:84)
at org.testng.TestNG.runSuitesSequentially(TestNG.java:1208)
at org.testng.TestNG.runSuitesLocally(TestNG.java:1137)
at org.testng.TestNG.runSuites(TestNG.java:1049)
at org.testng.TestNG.run(TestNG.java:1017)
at org.apache.maven.surefire.testng.TestNGExecutor.run(TestNGExecutor.java:295)
at org.apache.maven.surefire.testng.TestNGXmlTestSuite.execute(TestNGXmlTestSuite.java:84)
at org.apache.maven.surefire.testng.TestNGProvider.invoke(TestNGProvider.java:90)
at org.apache.maven.surefire.booter.ForkedBooter.invokeProviderInSameClassLoader(ForkedBooter.java:203)
at org.apache.maven.surefire.booter.ForkedBooter.runSuitesInProcess(ForkedBooter.java:155)
at org.apache.maven.surefire.booter.ForkedBooter.main(ForkedBooter.java:103)
Caused by: org.openqa.selenium.NoSuchElementException: no such element: Unable to locate element: {"method":"xpath","selector":"/html/body/div[2]/div/div[1]/div/div[3]/div/div/div/div[2]/div/div/div[1]/div[1]/div/div/div[3]/form/div[2]/div/div[1]/div[2]/div/textarea"}
  (Session info: chrome=101.0.4951.54)
For documentation on this error, please visit: http://seleniumhq.org/exceptions/no_such_element.html
Build info: version: '3.14.0', revision: 'aacccce0', time: '2018-08-02T20:19:58.91Z'
System info: host: 'ARS-NBT-LAP-068', ip: '192.168.121.30', os.name: 'Linux', os.arch: 'amd64', os.version: '5.13.0-51-generic', java.version: '1.8.0_312'
Driver info: org.openqa.selenium.chrome.ChromeDriver
Capabilities {acceptInsecureCerts: false, browserName: chrome, browserVersion: 101.0.4951.54, chrome: {chromedriverVersion: 101.0.4951.41 (93c720db8323..., userDataDir: /tmp/.com.google.Chrome.iP1EYR}, goog:chromeOptions: {debuggerAddress: localhost:34871}, javascriptEnabled: true, networkConnectionEnabled: false, pageLoadStrategy: normal, platform: LINUX, platformName: LINUX, proxy: Proxy(), setWindowRect: true, strictFileInteractability: false, timeouts: {implicit: 0, pageLoad: 300000, script: 30000}, unhandledPromptBehavior: dismiss and notify, webauthn:extension:credBlob: true, webauthn:extension:largeBlob: true, webauthn:virtualAuthenticators: true}
Session ID: 2cf811cc1d2a7fe5542785703ca4706e
*** Element info: {Using=xpath, value=/html/body/div[2]/div/div[1]/div/div[3]/div/div/div/div[2]/div/div/div[1]/div[1]/div/div/div[3]/form/div[2]/div/div[1]/div[2]/div/textarea}
at sun.reflect.NativeConstructorAccessorImpl.newInstance0(Native Method)
at sun.reflect.NativeConstructorAccessorImpl.newInstance(NativeConstructorAccessorImpl.java:62)
at sun.reflect.DelegatingConstructorAccessorImpl.newInstance(DelegatingConstructorAccessorImpl.java:45)
at java.lang.reflect.Constructor.newInstance(Constructor.java:423)
at org.openqa.selenium.remote.http.W3CHttpResponseCodec.createException(W3CHttpResponseCodec.java:187)
at org.openqa.selenium.remote.http.W3CHttpResponseCodec.decode(W3CHttpResponseCodec.java:122)
at org.openqa.selenium.remote.http.W3CHttpResponseCodec.decode(W3CHttpResponseCodec.java:49)
at org.openqa.selenium.remote.HttpCommandExecutor.execute(HttpCommandExecutor.java:158)
at org.openqa.selenium.remote.service.DriverCommandExecutor.execute(DriverCommandExecutor.java:83)
at org.openqa.selenium.remote.RemoteWebDriver.execute(RemoteWebDriver.java:548)
at org.openqa.selenium.remote.RemoteWebDriver.findElement(RemoteWebDriver.java:322)
at org.openqa.selenium.remote.RemoteWebDriver.findElementByXPath(RemoteWebDriver.java:424)
at org.openqa.selenium.By$ByXPath.findElement(By.java:353)
at org.openqa.selenium.remote.RemoteWebDriver.findElement(RemoteWebDriver.java:314)
at org.openqa.selenium.support.pagefactory.DefaultElementLocator.findElement(DefaultElementLocator.java:69)
at org.openqa.selenium.support.pagefactory.internal.LocatingElementHandler.invoke(LocatingElementHandler.java:38)
at com.sun.proxy.$Proxy8.isDisplayed(Unknown Source)
at org.openqa.selenium.support.ui.ExpectedConditions.elementIfVisible(ExpectedConditions.java:315)
at org.openqa.selenium.support.ui.ExpectedConditions.access$100(ExpectedConditions.java:44)
at org.openqa.selenium.support.ui.ExpectedConditions$10.apply(ExpectedConditions.java:301)
at org.openqa.selenium.support.ui.ExpectedConditions$10.apply(ExpectedConditions.java:298)
at org.openqa.selenium.support.ui.FluentWait.until(FluentWait.java:260)
... 30 more
]]>
    </error>
  </testcase> <!-- verifyRouteToCandidateDetails -->
  <testcase name="verifyRouteToCandidatefullfilInsuffBucket" time="0.000" classname="com.iBridge.testcases.TC_InsufficientBridge_01">
    <skipped/>
  </testcase> <!-- verifyRouteToCandidatefullfilInsuffBucket -->
  <testcase name="verifyClientAcknowledgeMail" time="0.000" classname="com.iBridge.testcases.TC_InsufficientBridge_01">
    <skipped/>
  </testcase> <!-- verifyClientAcknowledgeMail -->
</testsuite> <!-- com.iBridge.testcases.TC_InsufficientBridge_01 -->
