<?xml version="1.0" encoding="UTF-8"?>
<!-- Generated by org.testng.reporters.JUnitReportReporter -->
<testsuite skipped="14" hostname="ARS-NBT-LAP-068" name="com.iBridge.testcases.TC_CatSignOffApplicable_01" tests="20" failures="0" timestamp="13 Jul 2022 14:03:34 GMT" time="561.890" errors="1">
  <testcase name="verifyiBridgeCatLoginDetails" time="5.023" classname="com.iBridge.testcases.TC_CatSignOffApplicable_01"/>
  <testcase name="verifyBritishClientSignOffApplicableYes" time="9.590" classname="com.iBridge.testcases.TC_CatSignOffApplicable_01"/>
  <testcase name="verifyInitiateCaseIndividuallyExtended" time="225.752" classname="com.iBridge.testcases.TC_CatSignOffApplicable_01"/>
  <testcase name="verifyPendingSignOffBucket" time="21.115" classname="com.iBridge.testcases.TC_CatSignOffApplicable_01"/>
  <testcase name="verifyBritishClientSignOffApplicableNo" time="12.993" classname="com.iBridge.testcases.TC_CatSignOffApplicable_01"/>
  <testcase name="submitCaseIndividuallyExtended" time="287.416" classname="com.iBridge.testcases.TC_CatSignOffApplicable_01">
    <error type="org.openqa.selenium.NoSuchElementException" message="no such element: Unable to locate element: {&quot;method&quot;:&quot;xpath&quot;,&quot;selector&quot;:&quot;/html/body/div[4]/div[1]/div/div/div[2]/div[1]/div/div/div/div[2]/div/div/div/div[1]/div/div/div/div/div/div/div[3]/div/div[2]/div/div[1]/div/div/div/div[1]/div/div[2]/a[2]&quot;}
  (Session info: chrome=101.0.4951.54)
For documentation on this error, please visit: http://seleniumhq.org/exceptions/no_such_element.html
Build info: version: &#039;3.14.0&#039;, revision: &#039;aacccce0&#039;, time: &#039;2018-08-02T20:19:58.91Z&#039;
System info: host: &#039;ARS-NBT-LAP-068&#039;, ip: &#039;192.168.77.30&#039;, os.name: &#039;Linux&#039;, os.arch: &#039;amd64&#039;, os.version: &#039;5.13.0-51-generic&#039;, java.version: &#039;1.8.0_312&#039;
Driver info: org.openqa.selenium.chrome.ChromeDriver
Capabilities {acceptInsecureCerts: false, browserName: chrome, browserVersion: 101.0.4951.54, chrome: {chromedriverVersion: 101.0.4951.41 (93c720db8323..., userDataDir: /tmp/.com.google.Chrome.uXDtUB}, goog:chromeOptions: {debuggerAddress: localhost:38595}, javascriptEnabled: true, networkConnectionEnabled: false, pageLoadStrategy: normal, platform: LINUX, platformName: LINUX, proxy: Proxy(), setWindowRect: true, strictFileInteractability: false, timeouts: {implicit: 0, pageLoad: 300000, script: 30000}, unhandledPromptBehavior: dismiss and notify, webauthn:extension:credBlob: true, webauthn:extension:largeBlob: true, webauthn:virtualAuthenticators: true}
Session ID: 176a5bdfc53a6b7d7680573a5f2df16f
*** Element info: {Using=xpath, value=/html/body/div[4]/div[1]/div/div/div[2]/div[1]/div/div/div/div[2]/div/div/div/div[1]/div/div/div/div/div/div/div[3]/div/div[2]/div/div[1]/div/div/div/div[1]/div/div[2]/a[2]}">
      <![CDATA[org.openqa.selenium.NoSuchElementException: no such element: Unable to locate element: {"method":"xpath","selector":"/html/body/div[4]/div[1]/div/div/div[2]/div[1]/div/div/div/div[2]/div/div/div/div[1]/div/div/div/div/div/div/div[3]/div/div[2]/div/div[1]/div/div/div/div[1]/div/div[2]/a[2]"}
  (Session info: chrome=101.0.4951.54)
For documentation on this error, please visit: http://seleniumhq.org/exceptions/no_such_element.html
Build info: version: '3.14.0', revision: 'aacccce0', time: '2018-08-02T20:19:58.91Z'
System info: host: 'ARS-NBT-LAP-068', ip: '192.168.77.30', os.name: 'Linux', os.arch: 'amd64', os.version: '5.13.0-51-generic', java.version: '1.8.0_312'
Driver info: org.openqa.selenium.chrome.ChromeDriver
Capabilities {acceptInsecureCerts: false, browserName: chrome, browserVersion: 101.0.4951.54, chrome: {chromedriverVersion: 101.0.4951.41 (93c720db8323..., userDataDir: /tmp/.com.google.Chrome.uXDtUB}, goog:chromeOptions: {debuggerAddress: localhost:38595}, javascriptEnabled: true, networkConnectionEnabled: false, pageLoadStrategy: normal, platform: LINUX, platformName: LINUX, proxy: Proxy(), setWindowRect: true, strictFileInteractability: false, timeouts: {implicit: 0, pageLoad: 300000, script: 30000}, unhandledPromptBehavior: dismiss and notify, webauthn:extension:credBlob: true, webauthn:extension:largeBlob: true, webauthn:virtualAuthenticators: true}
Session ID: 176a5bdfc53a6b7d7680573a5f2df16f
*** Element info: {Using=xpath, value=/html/body/div[4]/div[1]/div/div/div[2]/div[1]/div/div/div/div[2]/div/div/div/div[1]/div/div/div/div/div/div/div[3]/div/div[2]/div/div[1]/div/div/div/div[1]/div/div[2]/a[2]}
at sun.reflect.NativeConstructorAccessorImpl.newInstance0(Native Method)
at sun.reflect.NativeConstructorAccessorImpl.newInstance(NativeConstructorAccessorImpl.java:62)
at sun.reflect.DelegatingConstructorAccessorImpl.newInstance(DelegatingConstructorAccessorImpl.java:45)
at java.lang.reflect.Constructor.newInstance(Constructor.java:423)
at org.openqa.selenium.remote.http.W3CHttpResponseCodec.createException(W3CHttpResponseCodec.java:187)
at org.openqa.selenium.remote.http.W3CHttpResponseCodec.decode(W3CHttpResponseCodec.java:122)
at org.openqa.selenium.remote.http.W3CHttpResponseCodec.decode(W3CHttpResponseCodec.java:49)
at org.openqa.selenium.remote.HttpCommandExecutor.execute(HttpCommandExecutor.java:158)
at org.openqa.selenium.remote.service.DriverCommandExecutor.execute(DriverCommandExecutor.java:83)
at org.openqa.selenium.remote.RemoteWebDriver.execute(RemoteWebDriver.java:548)
at org.openqa.selenium.remote.RemoteWebDriver.findElement(RemoteWebDriver.java:322)
at org.openqa.selenium.remote.RemoteWebDriver.findElementByXPath(RemoteWebDriver.java:424)
at org.openqa.selenium.By$ByXPath.findElement(By.java:353)
at org.openqa.selenium.remote.RemoteWebDriver.findElement(RemoteWebDriver.java:314)
at org.openqa.selenium.support.pagefactory.DefaultElementLocator.findElement(DefaultElementLocator.java:69)
at org.openqa.selenium.support.pagefactory.internal.LocatingElementHandler.invoke(LocatingElementHandler.java:38)
at com.sun.proxy.$Proxy8.click(Unknown Source)
at com.iBridge.pageobject.CasesSubmissionSummary.submittedForVerification(CasesSubmissionSummary.java:328)
at com.iBridge.testcases.TC_SubmitCaseIndividuallyExtended_03.submittedForVerification(TC_SubmitCaseIndividuallyExtended_03.java:151)
at com.iBridge.testcases.TC_CatSignOffApplicable_01.submitCaseIndividuallyExtended(TC_CatSignOffApplicable_01.java:150)
at sun.reflect.NativeMethodAccessorImpl.invoke0(Native Method)
at sun.reflect.NativeMethodAccessorImpl.invoke(NativeMethodAccessorImpl.java:62)
at sun.reflect.DelegatingMethodAccessorImpl.invoke(DelegatingMethodAccessorImpl.java:43)
at java.lang.reflect.Method.invoke(Method.java:498)
at org.testng.internal.MethodInvocationHelper.invokeMethod(MethodInvocationHelper.java:124)
at org.testng.internal.Invoker.invokeMethod(Invoker.java:583)
at org.testng.internal.Invoker.invokeTestMethod(Invoker.java:719)
at org.testng.internal.Invoker.invokeTestMethods(Invoker.java:989)
at org.testng.internal.TestMethodWorker.invokeTestMethods(TestMethodWorker.java:125)
at org.testng.internal.TestMethodWorker.run(TestMethodWorker.java:109)
at org.testng.TestRunner.privateRun(TestRunner.java:648)
at org.testng.TestRunner.run(TestRunner.java:505)
at org.testng.SuiteRunner.runTest(SuiteRunner.java:455)
at org.testng.SuiteRunner.runSequentially(SuiteRunner.java:450)
at org.testng.SuiteRunner.privateRun(SuiteRunner.java:415)
at org.testng.SuiteRunner.run(SuiteRunner.java:364)
at org.testng.SuiteRunnerWorker.runSuite(SuiteRunnerWorker.java:52)
at org.testng.SuiteRunnerWorker.run(SuiteRunnerWorker.java:84)
at org.testng.TestNG.runSuitesSequentially(TestNG.java:1208)
at org.testng.TestNG.runSuitesLocally(TestNG.java:1137)
at org.testng.TestNG.runSuites(TestNG.java:1049)
at org.testng.TestNG.run(TestNG.java:1017)
at org.apache.maven.surefire.testng.TestNGExecutor.run(TestNGExecutor.java:295)
at org.apache.maven.surefire.testng.TestNGXmlTestSuite.execute(TestNGXmlTestSuite.java:84)
at org.apache.maven.surefire.testng.TestNGProvider.invoke(TestNGProvider.java:90)
at org.apache.maven.surefire.booter.ForkedBooter.invokeProviderInSameClassLoader(ForkedBooter.java:203)
at org.apache.maven.surefire.booter.ForkedBooter.runSuitesInProcess(ForkedBooter.java:155)
at org.apache.maven.surefire.booter.ForkedBooter.main(ForkedBooter.java:103)
]]>
    </error>
  </testcase> <!-- submitCaseIndividuallyExtended -->
  <testcase name="verifyBritishClientRouteToCandidateApplicableYes" time="0.001" classname="com.iBridge.testcases.TC_CatSignOffApplicable_01">
    <skipped/>
  </testcase> <!-- verifyBritishClientRouteToCandidateApplicableYes -->
  <testcase name="candidateInitiateCaseIndividuallyExtended" time="0.000" classname="com.iBridge.testcases.TC_CatSignOffApplicable_01">
    <skipped/>
  </testcase> <!-- candidateInitiateCaseIndividuallyExtended -->
  <testcase name="routeToCandidateRaiseInsuffAndFulfil" time="0.000" classname="com.iBridge.testcases.TC_CatSignOffApplicable_01">
    <skipped/>
  </testcase> <!-- routeToCandidateRaiseInsuffAndFulfil -->
  <testcase name="verifyrouteToCandidateApplicableNo" time="0.000" classname="com.iBridge.testcases.TC_CatSignOffApplicable_01">
    <skipped/>
  </testcase> <!-- verifyrouteToCandidateApplicableNo -->
  <testcase name="verifyrouteToCandidateButtonPresentOrNot" time="0.000" classname="com.iBridge.testcases.TC_CatSignOffApplicable_01">
    <skipped/>
  </testcase> <!-- verifyrouteToCandidateButtonPresentOrNot -->
  <testcase name="verifyBritishClientNidPassport" time="0.000" classname="com.iBridge.testcases.TC_CatSignOffApplicable_01">
    <skipped/>
  </testcase> <!-- verifyBritishClientNidPassport -->
  <testcase name="verifyNidPassportDropDown" time="0.000" classname="com.iBridge.testcases.TC_CatSignOffApplicable_01">
    <skipped/>
  </testcase> <!-- verifyNidPassportDropDown -->
  <testcase name="verifyBritishClientNidPassportAndPanCard" time="0.000" classname="com.iBridge.testcases.TC_CatSignOffApplicable_01">
    <skipped/>
  </testcase> <!-- verifyBritishClientNidPassportAndPanCard -->
  <testcase name="verifyNidVoterIdAndDrivingLicenseDropDown" time="0.000" classname="com.iBridge.testcases.TC_CatSignOffApplicable_01">
    <skipped/>
  </testcase> <!-- verifyNidVoterIdAndDrivingLicenseDropDown -->
  <testcase name="verifyGapReasonApplicableNo" time="0.000" classname="com.iBridge.testcases.TC_CatSignOffApplicable_01">
    <skipped/>
  </testcase> <!-- verifyGapReasonApplicableNo -->
  <testcase name="verifyGapReasonApplicableFormNotPresent" time="0.000" classname="com.iBridge.testcases.TC_CatSignOffApplicable_01">
    <skipped/>
  </testcase> <!-- verifyGapReasonApplicableFormNotPresent -->
  <testcase name="verifyGapReasonApplicableFormPresent" time="0.000" classname="com.iBridge.testcases.TC_CatSignOffApplicable_01">
    <skipped/>
  </testcase> <!-- verifyGapReasonApplicableFormPresent -->
  <testcase name="verifyGapReasonApplicableYes" time="0.000" classname="com.iBridge.testcases.TC_CatSignOffApplicable_01">
    <skipped/>
  </testcase> <!-- verifyGapReasonApplicableYes -->
  <testcase name="verifyEnpAdminLoginAccount" time="0.000" classname="com.iBridge.testcases.TC_CatSignOffApplicable_01">
    <skipped/>
  </testcase> <!-- verifyEnpAdminLoginAccount -->
</testsuite> <!-- com.iBridge.testcases.TC_CatSignOffApplicable_01 -->
