<?xml version="1.0" encoding="UTF-8"?>
<!-- Generated by org.testng.reporters.JUnitReportReporter -->
<testsuite skipped="14" hostname="ARS-NBT-LAP-068" name="com.iBridge.sme.testcases.TC_InitiateViaCandidateSmeExtended_02" tests="15" failures="0" timestamp="27 Jun 2022 13:05:57 GMT" time="2.011" errors="1">
  <testcase name="initiateViaCandidateCaseSme" time="2.010" classname="com.iBridge.sme.testcases.TC_InitiateViaCandidateSmeExtended_02">
    <error type="org.openqa.selenium.NoSuchWindowException" message="no such window: target window already closed
from unknown error: web view not found
  (Session info: chrome=101.0.4951.54)
Build info: version: &#039;3.14.0&#039;, revision: &#039;aacccce0&#039;, time: &#039;2018-08-02T20:19:58.91Z&#039;
System info: host: &#039;ARS-NBT-LAP-068&#039;, ip: &#039;192.168.34.30&#039;, os.name: &#039;Linux&#039;, os.arch: &#039;amd64&#039;, os.version: &#039;5.13.0-51-generic&#039;, java.version: &#039;1.8.0_312&#039;
Driver info: org.openqa.selenium.chrome.ChromeDriver
Capabilities {acceptInsecureCerts: false, browserName: chrome, browserVersion: 101.0.4951.54, chrome: {chromedriverVersion: 101.0.4951.41 (93c720db8323..., userDataDir: /tmp/.com.google.Chrome.kympGL}, goog:chromeOptions: {debuggerAddress: localhost:43641}, javascriptEnabled: true, networkConnectionEnabled: false, pageLoadStrategy: normal, platform: LINUX, platformName: LINUX, proxy: Proxy(), setWindowRect: true, strictFileInteractability: false, timeouts: {implicit: 0, pageLoad: 300000, script: 30000}, unhandledPromptBehavior: dismiss and notify, webauthn:extension:credBlob: true, webauthn:extension:largeBlob: true, webauthn:virtualAuthenticators: true}
Session ID: 070cb2a010414bd9b67f04289eb71a46">
      <![CDATA[org.openqa.selenium.NoSuchWindowException: no such window: target window already closed
from unknown error: web view not found
  (Session info: chrome=101.0.4951.54)
Build info: version: '3.14.0', revision: 'aacccce0', time: '2018-08-02T20:19:58.91Z'
System info: host: 'ARS-NBT-LAP-068', ip: '192.168.34.30', os.name: 'Linux', os.arch: 'amd64', os.version: '5.13.0-51-generic', java.version: '1.8.0_312'
Driver info: org.openqa.selenium.chrome.ChromeDriver
Capabilities {acceptInsecureCerts: false, browserName: chrome, browserVersion: 101.0.4951.54, chrome: {chromedriverVersion: 101.0.4951.41 (93c720db8323..., userDataDir: /tmp/.com.google.Chrome.kympGL}, goog:chromeOptions: {debuggerAddress: localhost:43641}, javascriptEnabled: true, networkConnectionEnabled: false, pageLoadStrategy: normal, platform: LINUX, platformName: LINUX, proxy: Proxy(), setWindowRect: true, strictFileInteractability: false, timeouts: {implicit: 0, pageLoad: 300000, script: 30000}, unhandledPromptBehavior: dismiss and notify, webauthn:extension:credBlob: true, webauthn:extension:largeBlob: true, webauthn:virtualAuthenticators: true}
Session ID: 070cb2a010414bd9b67f04289eb71a46
at sun.reflect.NativeConstructorAccessorImpl.newInstance0(Native Method)
at sun.reflect.NativeConstructorAccessorImpl.newInstance(NativeConstructorAccessorImpl.java:62)
at sun.reflect.DelegatingConstructorAccessorImpl.newInstance(DelegatingConstructorAccessorImpl.java:45)
at java.lang.reflect.Constructor.newInstance(Constructor.java:423)
at org.openqa.selenium.remote.http.W3CHttpResponseCodec.createException(W3CHttpResponseCodec.java:187)
at org.openqa.selenium.remote.http.W3CHttpResponseCodec.decode(W3CHttpResponseCodec.java:122)
at org.openqa.selenium.remote.http.W3CHttpResponseCodec.decode(W3CHttpResponseCodec.java:49)
at org.openqa.selenium.remote.HttpCommandExecutor.execute(HttpCommandExecutor.java:158)
at org.openqa.selenium.remote.service.DriverCommandExecutor.execute(DriverCommandExecutor.java:83)
at org.openqa.selenium.remote.RemoteWebDriver.execute(RemoteWebDriver.java:548)
at org.openqa.selenium.remote.RemoteWebDriver.get(RemoteWebDriver.java:276)
at com.iBridge.sme.testcases.TC_InitiateViaCandidateSmeExtended_02.initiateViaCandidateCaseSme(TC_InitiateViaCandidateSmeExtended_02.java:30)
at sun.reflect.NativeMethodAccessorImpl.invoke0(Native Method)
at sun.reflect.NativeMethodAccessorImpl.invoke(NativeMethodAccessorImpl.java:62)
at sun.reflect.DelegatingMethodAccessorImpl.invoke(DelegatingMethodAccessorImpl.java:43)
at java.lang.reflect.Method.invoke(Method.java:498)
at org.testng.internal.MethodInvocationHelper.invokeMethod(MethodInvocationHelper.java:124)
at org.testng.internal.Invoker.invokeMethod(Invoker.java:583)
at org.testng.internal.Invoker.invokeTestMethod(Invoker.java:719)
at org.testng.internal.Invoker.invokeTestMethods(Invoker.java:989)
at org.testng.internal.TestMethodWorker.invokeTestMethods(TestMethodWorker.java:125)
at org.testng.internal.TestMethodWorker.run(TestMethodWorker.java:109)
at org.testng.TestRunner.privateRun(TestRunner.java:648)
at org.testng.TestRunner.run(TestRunner.java:505)
at org.testng.SuiteRunner.runTest(SuiteRunner.java:455)
at org.testng.SuiteRunner.runSequentially(SuiteRunner.java:450)
at org.testng.SuiteRunner.privateRun(SuiteRunner.java:415)
at org.testng.SuiteRunner.run(SuiteRunner.java:364)
at org.testng.SuiteRunnerWorker.runSuite(SuiteRunnerWorker.java:52)
at org.testng.SuiteRunnerWorker.run(SuiteRunnerWorker.java:84)
at org.testng.TestNG.runSuitesSequentially(TestNG.java:1208)
at org.testng.TestNG.runSuitesLocally(TestNG.java:1137)
at org.testng.TestNG.runSuites(TestNG.java:1049)
at org.testng.TestNG.run(TestNG.java:1017)
at org.apache.maven.surefire.testng.TestNGExecutor.run(TestNGExecutor.java:295)
at org.apache.maven.surefire.testng.TestNGXmlTestSuite.execute(TestNGXmlTestSuite.java:84)
at org.apache.maven.surefire.testng.TestNGProvider.invoke(TestNGProvider.java:90)
at org.apache.maven.surefire.booter.ForkedBooter.invokeProviderInSameClassLoader(ForkedBooter.java:203)
at org.apache.maven.surefire.booter.ForkedBooter.runSuitesInProcess(ForkedBooter.java:155)
at org.apache.maven.surefire.booter.ForkedBooter.main(ForkedBooter.java:103)
]]>
    </error>
  </testcase> <!-- initiateViaCandidateCaseSme -->
  <testcase name="verifyFormNotSubmittedCaseList" time="0.000" classname="com.iBridge.sme.testcases.TC_InitiateViaCandidateSmeExtended_02">
    <skipped/>
  </testcase> <!-- verifyFormNotSubmittedCaseList -->
  <testcase name="candidateSmeEmailVerification" time="0.000" classname="com.iBridge.sme.testcases.TC_InitiateViaCandidateSmeExtended_02">
    <skipped/>
  </testcase> <!-- candidateSmeEmailVerification -->
  <testcase name="candidateSmeAccountLogin" time="0.000" classname="com.iBridge.sme.testcases.TC_InitiateViaCandidateSmeExtended_02">
    <skipped/>
  </testcase> <!-- candidateSmeAccountLogin -->
  <testcase name="candidateProfileDetailsFilling" time="0.000" classname="com.iBridge.sme.testcases.TC_InitiateViaCandidateSmeExtended_02">
    <skipped/>
  </testcase> <!-- candidateProfileDetailsFilling -->
  <testcase name="verifyAuthorizationRelease" time="0.000" classname="com.iBridge.sme.testcases.TC_InitiateViaCandidateSmeExtended_02">
    <skipped/>
  </testcase> <!-- verifyAuthorizationRelease -->
  <testcase name="verifyInitiateViaCandidateCasePaymentPending" time="0.000" classname="com.iBridge.sme.testcases.TC_InitiateViaCandidateSmeExtended_02">
    <skipped/>
  </testcase> <!-- verifyInitiateViaCandidateCasePaymentPending -->
  <testcase name="verifyFormSubmittedBucket" time="0.000" classname="com.iBridge.sme.testcases.TC_InitiateViaCandidateSmeExtended_02">
    <skipped/>
  </testcase> <!-- verifyFormSubmittedBucket -->
  <testcase name="verifyPaymentPendingBucket" time="0.000" classname="com.iBridge.sme.testcases.TC_InitiateViaCandidateSmeExtended_02">
    <skipped/>
  </testcase> <!-- verifyPaymentPendingBucket -->
  <testcase name="verifyWorkInProgressBucket" time="0.000" classname="com.iBridge.sme.testcases.TC_InitiateViaCandidateSmeExtended_02">
    <skipped/>
  </testcase> <!-- verifyWorkInProgressBucket -->
  <testcase name="verifyCaseAppearingInTotalCaseSentList" time="0.000" classname="com.iBridge.sme.testcases.TC_InitiateViaCandidateSmeExtended_02">
    <skipped/>
  </testcase> <!-- verifyCaseAppearingInTotalCaseSentList -->
  <testcase name="searchClientArsNoCaseList" time="0.000" classname="com.iBridge.sme.testcases.TC_InitiateViaCandidateSmeExtended_02">
    <skipped/>
  </testcase> <!-- searchClientArsNoCaseList -->
  <testcase name="verifyInsufficientDocsQcAllocator" time="0.000" classname="com.iBridge.sme.testcases.TC_InitiateViaCandidateSmeExtended_02">
    <skipped/>
  </testcase> <!-- verifyInsufficientDocsQcAllocator -->
  <testcase name="verifyInsufficientDocsQuality" time="0.001" classname="com.iBridge.sme.testcases.TC_InitiateViaCandidateSmeExtended_02">
    <skipped/>
  </testcase> <!-- verifyInsufficientDocsQuality -->
  <testcase name="verifyInsufficientAllocator" time="0.000" classname="com.iBridge.sme.testcases.TC_InitiateViaCandidateSmeExtended_02">
    <skipped/>
  </testcase> <!-- verifyInsufficientAllocator -->
</testsuite> <!-- com.iBridge.sme.testcases.TC_InitiateViaCandidateSmeExtended_02 -->
