<?xml version="1.0" encoding="UTF-8"?>
<!-- Generated by org.testng.reporters.JUnitReportReporter -->
<testsuite skipped="11" hostname="ARS-NBT-LAP-068" name="com.iBridge.testcases.TC_InitiateCasesInBulkExtended_02" tests="15" failures="0" timestamp="21 Jul 2022 12:37:27 GMT" time="57.315" errors="1">
  <testcase name="initiateCasesInBulkExtended" time="18.293" classname="com.iBridge.testcases.TC_InitiateCasesInBulkExtended_02"/>
  <testcase name="dragDropBrowse" time="16.527" classname="com.iBridge.testcases.TC_InitiateCasesInBulkExtended_02"/>
  <testcase name="candidateEmailVerification" time="22.444" classname="com.iBridge.testcases.TC_InitiateCasesInBulkExtended_02"/>
  <testcase name="candidateLoginBulkAccount" time="0.051" classname="com.iBridge.testcases.TC_InitiateCasesInBulkExtended_02">
    <error type="org.openqa.selenium.UnhandledAlertException" message="unexpected alert open: {Alert text : msg not found}
  (Session info: chrome=101.0.4951.54): msg not found
Build info: version: &#039;3.14.0&#039;, revision: &#039;aacccce0&#039;, time: &#039;2018-08-02T20:19:58.91Z&#039;
System info: host: &#039;ARS-NBT-LAP-068&#039;, ip: &#039;192.168.1.5&#039;, os.name: &#039;Linux&#039;, os.arch: &#039;amd64&#039;, os.version: &#039;5.13.0-51-generic&#039;, java.version: &#039;1.8.0_312&#039;
Driver info: org.openqa.selenium.chrome.ChromeDriver
Capabilities {acceptInsecureCerts: false, browserName: chrome, browserVersion: 101.0.4951.54, chrome: {chromedriverVersion: 101.0.4951.41 (93c720db8323..., userDataDir: /tmp/.com.google.Chrome.3m1kbh}, goog:chromeOptions: {debuggerAddress: localhost:37221}, javascriptEnabled: true, networkConnectionEnabled: false, pageLoadStrategy: normal, platform: LINUX, platformName: LINUX, proxy: Proxy(), setWindowRect: true, strictFileInteractability: false, timeouts: {implicit: 0, pageLoad: 300000, script: 30000}, unhandledPromptBehavior: dismiss and notify, webauthn:extension:credBlob: true, webauthn:extension:largeBlob: true, webauthn:virtualAuthenticators: true}
Session ID: 8003335f4b416d988e29971ba3bc4c88">
      <![CDATA[org.openqa.selenium.UnhandledAlertException: unexpected alert open: {Alert text : msg not found}
  (Session info: chrome=101.0.4951.54): msg not found
Build info: version: '3.14.0', revision: 'aacccce0', time: '2018-08-02T20:19:58.91Z'
System info: host: 'ARS-NBT-LAP-068', ip: '192.168.1.5', os.name: 'Linux', os.arch: 'amd64', os.version: '5.13.0-51-generic', java.version: '1.8.0_312'
Driver info: org.openqa.selenium.chrome.ChromeDriver
Capabilities {acceptInsecureCerts: false, browserName: chrome, browserVersion: 101.0.4951.54, chrome: {chromedriverVersion: 101.0.4951.41 (93c720db8323..., userDataDir: /tmp/.com.google.Chrome.3m1kbh}, goog:chromeOptions: {debuggerAddress: localhost:37221}, javascriptEnabled: true, networkConnectionEnabled: false, pageLoadStrategy: normal, platform: LINUX, platformName: LINUX, proxy: Proxy(), setWindowRect: true, strictFileInteractability: false, timeouts: {implicit: 0, pageLoad: 300000, script: 30000}, unhandledPromptBehavior: dismiss and notify, webauthn:extension:credBlob: true, webauthn:extension:largeBlob: true, webauthn:virtualAuthenticators: true}
Session ID: 8003335f4b416d988e29971ba3bc4c88
at org.openqa.selenium.remote.http.W3CHttpResponseCodec.decode(W3CHttpResponseCodec.java:120)
at org.openqa.selenium.remote.http.W3CHttpResponseCodec.decode(W3CHttpResponseCodec.java:49)
at org.openqa.selenium.remote.HttpCommandExecutor.execute(HttpCommandExecutor.java:158)
at org.openqa.selenium.remote.service.DriverCommandExecutor.execute(DriverCommandExecutor.java:83)
at org.openqa.selenium.remote.RemoteWebDriver.execute(RemoteWebDriver.java:548)
at org.openqa.selenium.remote.RemoteWebDriver.get(RemoteWebDriver.java:276)
at com.iBridge.testcases.TC_InitiateCasesInBulkExtended_02.candidateLoginBulkAccount(TC_InitiateCasesInBulkExtended_02.java:130)
at sun.reflect.NativeMethodAccessorImpl.invoke0(Native Method)
at sun.reflect.NativeMethodAccessorImpl.invoke(NativeMethodAccessorImpl.java:62)
at sun.reflect.DelegatingMethodAccessorImpl.invoke(DelegatingMethodAccessorImpl.java:43)
at java.lang.reflect.Method.invoke(Method.java:498)
at org.testng.internal.MethodInvocationHelper.invokeMethod(MethodInvocationHelper.java:124)
at org.testng.internal.Invoker.invokeMethod(Invoker.java:583)
at org.testng.internal.Invoker.invokeTestMethod(Invoker.java:719)
at org.testng.internal.Invoker.invokeTestMethods(Invoker.java:989)
at org.testng.internal.TestMethodWorker.invokeTestMethods(TestMethodWorker.java:125)
at org.testng.internal.TestMethodWorker.run(TestMethodWorker.java:109)
at org.testng.TestRunner.privateRun(TestRunner.java:648)
at org.testng.TestRunner.run(TestRunner.java:505)
at org.testng.SuiteRunner.runTest(SuiteRunner.java:455)
at org.testng.SuiteRunner.runSequentially(SuiteRunner.java:450)
at org.testng.SuiteRunner.privateRun(SuiteRunner.java:415)
at org.testng.SuiteRunner.run(SuiteRunner.java:364)
at org.testng.SuiteRunnerWorker.runSuite(SuiteRunnerWorker.java:52)
at org.testng.SuiteRunnerWorker.run(SuiteRunnerWorker.java:84)
at org.testng.TestNG.runSuitesSequentially(TestNG.java:1208)
at org.testng.TestNG.runSuitesLocally(TestNG.java:1137)
at org.testng.TestNG.runSuites(TestNG.java:1049)
at org.testng.TestNG.run(TestNG.java:1017)
at org.apache.maven.surefire.testng.TestNGExecutor.run(TestNGExecutor.java:295)
at org.apache.maven.surefire.testng.TestNGXmlTestSuite.execute(TestNGXmlTestSuite.java:84)
at org.apache.maven.surefire.testng.TestNGProvider.invoke(TestNGProvider.java:90)
at org.apache.maven.surefire.booter.ForkedBooter.invokeProviderInSameClassLoader(ForkedBooter.java:203)
at org.apache.maven.surefire.booter.ForkedBooter.runSuitesInProcess(ForkedBooter.java:155)
at org.apache.maven.surefire.booter.ForkedBooter.main(ForkedBooter.java:103)
]]>
    </error>
  </testcase> <!-- candidateLoginBulkAccount -->
  <testcase name="submittedForVerification" time="0.000" classname="com.iBridge.testcases.TC_InitiateCasesInBulkExtended_02">
    <skipped/>
  </testcase> <!-- submittedForVerification -->
  <testcase name="submittedCasesTrackerWipCases" time="0.000" classname="com.iBridge.testcases.TC_InitiateCasesInBulkExtended_02">
    <skipped/>
  </testcase> <!-- submittedCasesTrackerWipCases -->
  <testcase name="searchClientArsNoCaseList" time="0.000" classname="com.iBridge.testcases.TC_InitiateCasesInBulkExtended_02">
    <skipped/>
  </testcase> <!-- searchClientArsNoCaseList -->
  <testcase name="verifyInsufficientDocsQcAllocator" time="0.000" classname="com.iBridge.testcases.TC_InitiateCasesInBulkExtended_02">
    <skipped/>
  </testcase> <!-- verifyInsufficientDocsQcAllocator -->
  <testcase name="verifyInsufficientDocsQuality" time="0.000" classname="com.iBridge.testcases.TC_InitiateCasesInBulkExtended_02">
    <skipped/>
  </testcase> <!-- verifyInsufficientDocsQuality -->
  <testcase name="verifyInsufficientAllocator" time="0.000" classname="com.iBridge.testcases.TC_InitiateCasesInBulkExtended_02">
    <skipped/>
  </testcase> <!-- verifyInsufficientAllocator -->
  <testcase name="verifyInsufficientVerifier" time="0.000" classname="com.iBridge.testcases.TC_InitiateCasesInBulkExtended_02">
    <skipped/>
  </testcase> <!-- verifyInsufficientVerifier -->
  <testcase name="verifyInsufficientpendingForFulfilment" time="0.000" classname="com.iBridge.testcases.TC_InitiateCasesInBulkExtended_02">
    <skipped/>
  </testcase> <!-- verifyInsufficientpendingForFulfilment -->
  <testcase name="verifyInsufficiencyFulfillment" time="0.000" classname="com.iBridge.testcases.TC_InitiateCasesInBulkExtended_02">
    <skipped/>
  </testcase> <!-- verifyInsufficiencyFulfillment -->
  <testcase name="verifyInsufficientCasesPresentOrNot" classname="com.iBridge.testcases.TC_InitiateCasesInBulkExtended_02">
    <skipped/>
  </testcase> <!-- verifyInsufficientCasesPresentOrNot -->
  <testcase name="verifyCostApprovalOnHoldCases" classname="com.iBridge.testcases.TC_InitiateCasesInBulkExtended_02">
    <skipped/>
  </testcase> <!-- verifyCostApprovalOnHoldCases -->
</testsuite> <!-- com.iBridge.testcases.TC_InitiateCasesInBulkExtended_02 -->
